This is pdfTeX, Version 3.141592653-2.6-1.40.26 (TeX Live 2024/Arch Linux) (preloaded format=pdflatex 2025.1.11)  10 FEB 2025 19:42
entering extended mode
 restricted \write18 enabled.
 %&-line parsing enabled.
**Thesis.tex
(./Thesis.tex
LaTeX2e <2023-11-01> patch level 1
L3 programming layer <2024-02-20>
(./uhthesis.cls
Document Class: uhthesis 2011/04/12 0.1 uhthesis
(/usr/share/texmf-dist/tex/latex/base/inputenc.sty
Package: inputenc 2021/02/14 v1.3d Input encoding file
\inpenc@prehook=\toks17
\inpenc@posthook=\toks18
)
(/usr/share/texmf-dist/tex/latex/base/book.cls
Document Class: book 2023/05/17 v1.4n Standard LaTeX document class
(/usr/share/texmf-dist/tex/latex/base/bk12.clo
File: bk12.clo 2023/05/17 v1.4n Standard LaTeX file (size option)
)
\c@part=\count188
\c@chapter=\count189
\c@section=\count190
\c@subsection=\count191
\c@subsubsection=\count192
\c@paragraph=\count193
\c@subparagraph=\count194
\c@figure=\count195
\c@table=\count196
\abovecaptionskip=\skip48
\belowcaptionskip=\skip49
\bibindent=\dimen140
)
(/usr/share/texmf-dist/tex/latex/psnfss/mathptmx.sty
Package: mathptmx 2020/03/25 PSNFSS-v9.3 Times w/ Math, improved (SPQR, WaS) 
LaTeX Font Info:    Redeclaring symbol font `operators' on input line 28.
LaTeX Font Info:    Overwriting symbol font `operators' in version `normal'
(Font)                  OT1/cmr/m/n --> OT1/ztmcm/m/n on input line 28.
LaTeX Font Info:    Overwriting symbol font `operators' in version `bold'
(Font)                  OT1/cmr/bx/n --> OT1/ztmcm/m/n on input line 28.
LaTeX Font Info:    Redeclaring symbol font `letters' on input line 29.
LaTeX Font Info:    Overwriting symbol font `letters' in version `normal'
(Font)                  OML/cmm/m/it --> OML/ztmcm/m/it on input line 29.
LaTeX Font Info:    Overwriting symbol font `letters' in version `bold'
(Font)                  OML/cmm/b/it --> OML/ztmcm/m/it on input line 29.
LaTeX Font Info:    Redeclaring symbol font `symbols' on input line 30.
LaTeX Font Info:    Overwriting symbol font `symbols' in version `normal'
(Font)                  OMS/cmsy/m/n --> OMS/ztmcm/m/n on input line 30.
LaTeX Font Info:    Overwriting symbol font `symbols' in version `bold'
(Font)                  OMS/cmsy/b/n --> OMS/ztmcm/m/n on input line 30.
LaTeX Font Info:    Redeclaring symbol font `largesymbols' on input line 31.
LaTeX Font Info:    Overwriting symbol font `largesymbols' in version `normal'
(Font)                  OMX/cmex/m/n --> OMX/ztmcm/m/n on input line 31.
LaTeX Font Info:    Overwriting symbol font `largesymbols' in version `bold'
(Font)                  OMX/cmex/m/n --> OMX/ztmcm/m/n on input line 31.
\symbold=\mathgroup4
\symitalic=\mathgroup5
LaTeX Font Info:    Redeclaring math alphabet \mathbf on input line 34.
LaTeX Font Info:    Overwriting math alphabet `\mathbf' in version `normal'
(Font)                  OT1/cmr/bx/n --> OT1/ptm/bx/n on input line 34.
LaTeX Font Info:    Overwriting math alphabet `\mathbf' in version `bold'
(Font)                  OT1/cmr/bx/n --> OT1/ptm/bx/n on input line 34.
LaTeX Font Info:    Redeclaring math alphabet \mathit on input line 35.
LaTeX Font Info:    Overwriting math alphabet `\mathit' in version `normal'
(Font)                  OT1/cmr/m/it --> OT1/ptm/m/it on input line 35.
LaTeX Font Info:    Overwriting math alphabet `\mathit' in version `bold'
(Font)                  OT1/cmr/bx/it --> OT1/ptm/m/it on input line 35.
LaTeX Info: Redefining \hbar on input line 50.
)
(/usr/share/texmf-dist/tex/latex/base/fontenc.sty
Package: fontenc 2021/04/29 v2.0v Standard LaTeX package
LaTeX Font Info:    Trying to load font information for T1+ptm on input line 11
2.

(/usr/share/texmf-dist/tex/latex/psnfss/t1ptm.fd
File: t1ptm.fd 2001/06/04 font definitions for T1/ptm.
))
(/usr/share/texmf-dist/tex/latex/lm/lmodern.sty
Package: lmodern 2015/05/01 v1.6.1 Latin Modern Fonts
LaTeX Font Info:    Overwriting symbol font `operators' in version `normal'
(Font)                  OT1/ztmcm/m/n --> OT1/lmr/m/n on input line 22.
LaTeX Font Info:    Overwriting symbol font `letters' in version `normal'
(Font)                  OML/ztmcm/m/it --> OML/lmm/m/it on input line 23.
LaTeX Font Info:    Overwriting symbol font `symbols' in version `normal'
(Font)                  OMS/ztmcm/m/n --> OMS/lmsy/m/n on input line 24.
LaTeX Font Info:    Overwriting symbol font `largesymbols' in version `normal'
(Font)                  OMX/ztmcm/m/n --> OMX/lmex/m/n on input line 25.
LaTeX Font Info:    Overwriting symbol font `operators' in version `bold'
(Font)                  OT1/ztmcm/m/n --> OT1/lmr/bx/n on input line 26.
LaTeX Font Info:    Overwriting symbol font `letters' in version `bold'
(Font)                  OML/ztmcm/m/it --> OML/lmm/b/it on input line 27.
LaTeX Font Info:    Overwriting symbol font `symbols' in version `bold'
(Font)                  OMS/ztmcm/m/n --> OMS/lmsy/b/n on input line 28.
LaTeX Font Info:    Overwriting symbol font `largesymbols' in version `bold'
(Font)                  OMX/ztmcm/m/n --> OMX/lmex/m/n on input line 29.
LaTeX Font Info:    Overwriting math alphabet `\mathbf' in version `normal'
(Font)                  OT1/ptm/bx/n --> OT1/lmr/bx/n on input line 31.
LaTeX Font Info:    Overwriting math alphabet `\mathsf' in version `normal'
(Font)                  OT1/cmss/m/n --> OT1/lmss/m/n on input line 32.
LaTeX Font Info:    Overwriting math alphabet `\mathit' in version `normal'
(Font)                  OT1/ptm/m/it --> OT1/lmr/m/it on input line 33.
LaTeX Font Info:    Overwriting math alphabet `\mathtt' in version `normal'
(Font)                  OT1/cmtt/m/n --> OT1/lmtt/m/n on input line 34.
LaTeX Font Info:    Overwriting math alphabet `\mathbf' in version `bold'
(Font)                  OT1/ptm/bx/n --> OT1/lmr/bx/n on input line 35.
LaTeX Font Info:    Overwriting math alphabet `\mathsf' in version `bold'
(Font)                  OT1/cmss/bx/n --> OT1/lmss/bx/n on input line 36.
LaTeX Font Info:    Overwriting math alphabet `\mathit' in version `bold'
(Font)                  OT1/ptm/m/it --> OT1/lmr/bx/it on input line 37.
LaTeX Font Info:    Overwriting math alphabet `\mathtt' in version `bold'
(Font)                  OT1/cmtt/m/n --> OT1/lmtt/m/n on input line 38.
)
(/usr/share/texmf-dist/tex/generic/babel/babel.sty
Package: babel 2024/02/07 v24.2 The Babel package
\babel@savecnt=\count197
\U@D=\dimen141
\l@unhyphenated=\language8

(/usr/share/texmf-dist/tex/generic/babel/txtbabel.def)
\bbl@readstream=\read2
\bbl@dirlevel=\count198

(/usr/share/texmf-dist/tex/generic/babel-spanish/spanish.ldf
Language: spanish.ldf 2021/05/27 v5.0q Spanish support from the babel system
\es@quottoks=\toks19
\es@quotdepth=\count199
Package babel Info: Making " an active character on input line 570.
Package babel Info: Making . an active character on input line 675.
Package babel Info: Making < an active character on input line 722.
Package babel Info: Making > an active character on input line 722.
))
(/usr/share/texmf-dist/tex/generic/babel/locale/es/babel-spanish.tex
Package babel Info: Importing font and identification data for spanish
(babel)             from babel-es.ini. Reported on input line 11.
)
(/usr/share/texmf-dist/tex/latex/nomencl/nomencl.sty
Package: nomencl 2021/11/10 v5.6 Nomenclature package

(/usr/share/texmf-dist/tex/latex/xkeyval/xkeyval.sty
Package: xkeyval 2022/06/16 v2.9 package option processing (HA)

(/usr/share/texmf-dist/tex/generic/xkeyval/xkeyval.tex
(/usr/share/texmf-dist/tex/generic/xkeyval/xkvutils.tex
\XKV@toks=\toks20
\XKV@tempa@toks=\toks21

(/usr/share/texmf-dist/tex/generic/xkeyval/keyval.tex))
\XKV@depth=\count266
File: xkeyval.tex 2014/12/03 v2.7a key=value parser (HA)
))
(/usr/share/texmf-dist/tex/latex/base/ifthen.sty
Package: ifthen 2022/04/13 v1.1d Standard LaTeX ifthen package (DPC)
)
(/usr/share/texmf-dist/tex/latex/koma-script/tocbasic.sty
Package: tocbasic 2023/07/07 v3.41 KOMA-Script package (handling toc-files)

(/usr/share/texmf-dist/tex/latex/koma-script/scrbase.sty
Package: scrbase 2023/07/07 v3.41 KOMA-Script package (KOMA-Script-independent 
basics and keyval usage)

(/usr/share/texmf-dist/tex/latex/koma-script/scrlfile.sty
Package: scrlfile 2023/07/07 v3.41 KOMA-Script package (file load hooks)

(/usr/share/texmf-dist/tex/latex/koma-script/scrlfile-hook.sty
Package: scrlfile-hook 2023/07/07 v3.41 KOMA-Script package (using LaTeX hooks)


(/usr/share/texmf-dist/tex/latex/koma-script/scrlogo.sty
Package: scrlogo 2023/07/07 v3.41 KOMA-Script package (logo)
)))
Applying: [2021/05/01] Usage of raw or classic option list on input line 252.
Already applied: [0000/00/00] Usage of raw or classic option list on input line
 368.
)
\scr@dte@tocline@numberwidth=\skip50
\scr@dte@tocline@numbox=\box51
)
Package tocbasic Info: setting babel extension for `nlo' on input line 187.
Package tocbasic Info: setting babel extension for `nls' on input line 188.
\nomlabelwidth=\dimen142
\nom@tempdim=\dimen143
\nomitemsep=\skip51
)
(/usr/share/texmf-dist/tex/latex/graphics/graphicx.sty
Package: graphicx 2021/09/16 v1.2d Enhanced LaTeX Graphics (DPC,SPQR)

(/usr/share/texmf-dist/tex/latex/graphics/graphics.sty
Package: graphics 2022/03/10 v1.4e Standard LaTeX Graphics (DPC,SPQR)

(/usr/share/texmf-dist/tex/latex/graphics/trig.sty
Package: trig 2021/08/11 v1.11 sin cos tan (DPC)
)
(/usr/share/texmf-dist/tex/latex/graphics-cfg/graphics.cfg
File: graphics.cfg 2016/06/04 v1.11 sample graphics configuration
)
Package graphics Info: Driver file: pdftex.def on input line 107.

(/usr/share/texmf-dist/tex/latex/graphics-def/pdftex.def
File: pdftex.def 2022/09/22 v1.2b Graphics/color driver for pdftex
))
\Gin@req@height=\dimen144
\Gin@req@width=\dimen145
)
(/usr/share/texmf-dist/tex/latex/xcolor/xcolor.sty
Package: xcolor 2023/11/15 v3.01 LaTeX color extensions (UK)

(/usr/share/texmf-dist/tex/latex/graphics-cfg/color.cfg
File: color.cfg 2016/01/02 v1.6 sample color configuration
)
Package xcolor Info: Driver file: pdftex.def on input line 274.

(/usr/share/texmf-dist/tex/latex/graphics/mathcolor.ltx)
Package xcolor Info: Model `cmy' substituted by `cmy0' on input line 1350.
Package xcolor Info: Model `hsb' substituted by `rgb' on input line 1354.
Package xcolor Info: Model `RGB' extended on input line 1366.
Package xcolor Info: Model `HTML' substituted by `rgb' on input line 1368.
Package xcolor Info: Model `Hsb' substituted by `hsb' on input line 1369.
Package xcolor Info: Model `tHsb' substituted by `hsb' on input line 1370.
Package xcolor Info: Model `HSB' substituted by `hsb' on input line 1371.
Package xcolor Info: Model `Gray' substituted by `gray' on input line 1372.
Package xcolor Info: Model `wave' substituted by `hsb' on input line 1373.
)
(/usr/share/texmf-dist/tex/latex/tocbibind/tocbibind.sty
Package: tocbibind 2010/10/13 v1.5k extra ToC listings
Package tocbibind Info: The document has chapter divisions on input line 50.


Package tocbibind Note: Using chapter style headings, unless overridden.

) (/usr/share/texmf-dist/tex/latex/footmisc/footmisc.sty
Package: footmisc 2023/07/05 v6.0f a miscellany of footnote facilities
\FN@temptoken=\toks22
\footnotemargin=\dimen146
\@outputbox@depth=\dimen147
Package footmisc Info: Declaring symbol style bringhurst on input line 696.
Package footmisc Info: Declaring symbol style chicago on input line 704.
Package footmisc Info: Declaring symbol style wiley on input line 713.
Package footmisc Info: Declaring symbol style lamport-robust on input line 724.

Package footmisc Info: Declaring symbol style lamport* on input line 744.
Package footmisc Info: Declaring symbol style lamport*-robust on input line 765
.
)
(/usr/share/texmf-dist/tex/latex/csquotes/csquotes.sty
Package: csquotes 2022-09-14 v5.2n context-sensitive quotations (JAW)

(/usr/share/texmf-dist/tex/latex/etoolbox/etoolbox.sty
Package: etoolbox 2020/10/05 v2.5k e-TeX tools for LaTeX (JAW)
\etb@tempcnta=\count267
)
\csq@reset=\count268
\csq@gtype=\count269
\csq@glevel=\count270
\csq@qlevel=\count271
\csq@maxlvl=\count272
\csq@tshold=\count273
\csq@ltx@everypar=\toks23

(/usr/share/texmf-dist/tex/latex/csquotes/csquotes.def
File: csquotes.def 2022-09-14 v5.2n csquotes generic definitions (JAW)
)
Package csquotes Info: Trying to load configuration file 'csquotes.cfg'...
Package csquotes Info: ... configuration file loaded successfully.

(/usr/share/texmf-dist/tex/latex/csquotes/csquotes.cfg
File: csquotes.cfg 
))
(/usr/share/texmf-dist/tex/latex/biblatex/biblatex.sty
Package: biblatex 2023/03/05 v3.19 programmable bibliographies (PK/MW)

(/usr/share/texmf-dist/tex/generic/pdftexcmds/pdftexcmds.sty
Package: pdftexcmds 2020-06-27 v0.33 Utility functions of pdfTeX for LuaTeX (HO
)

(/usr/share/texmf-dist/tex/generic/infwarerr/infwarerr.sty
Package: infwarerr 2019/12/03 v1.5 Providing info/warning/error messages (HO)
)
(/usr/share/texmf-dist/tex/generic/iftex/iftex.sty
Package: iftex 2022/02/03 v1.0f TeX engine tests
)
(/usr/share/texmf-dist/tex/generic/ltxcmds/ltxcmds.sty
Package: ltxcmds 2023-12-04 v1.26 LaTeX kernel commands for general use (HO)
)
Package pdftexcmds Info: \pdf@primitive is available.
Package pdftexcmds Info: \pdf@ifprimitive is available.
Package pdftexcmds Info: \pdfdraftmode found.
)
(/usr/share/texmf-dist/tex/latex/kvoptions/kvoptions.sty
Package: kvoptions 2022-06-15 v3.15 Key value format for package options (HO)

(/usr/share/texmf-dist/tex/latex/kvsetkeys/kvsetkeys.sty
Package: kvsetkeys 2022-10-05 v1.19 Key value parser (HO)
))
(/usr/share/texmf-dist/tex/latex/logreq/logreq.sty
Package: logreq 2010/08/04 v1.0 xml request logger
\lrq@indent=\count274

(/usr/share/texmf-dist/tex/latex/logreq/logreq.def
File: logreq.def 2010/08/04 v1.0 logreq spec v1.0
))
(/usr/share/texmf-dist/tex/latex/url/url.sty
\Urlmuskip=\muskip16
Package: url 2013/09/16  ver 3.4  Verb mode for urls, etc.
)
\c@tabx@nest=\count275
\c@listtotal=\count276
\c@listcount=\count277
\c@liststart=\count278
\c@liststop=\count279
\c@citecount=\count280
\c@citetotal=\count281
\c@multicitecount=\count282
\c@multicitetotal=\count283
\c@instcount=\count284
\c@maxnames=\count285
\c@minnames=\count286
\c@maxitems=\count287
\c@minitems=\count288
\c@citecounter=\count289
\c@maxcitecounter=\count290
\c@savedcitecounter=\count291
\c@uniquelist=\count292
\c@uniquename=\count293
\c@refsection=\count294
\c@refsegment=\count295
\c@maxextratitle=\count296
\c@maxextratitleyear=\count297
\c@maxextraname=\count298
\c@maxextradate=\count299
\c@maxextraalpha=\count300
\c@abbrvpenalty=\count301
\c@highnamepenalty=\count302
\c@lownamepenalty=\count303
\c@maxparens=\count304
\c@parenlevel=\count305
\blx@tempcnta=\count306
\blx@tempcntb=\count307
\blx@tempcntc=\count308
\c@blx@maxsection=\count309
\blx@maxsegment@0=\count310
\blx@notetype=\count311
\blx@parenlevel@text=\count312
\blx@parenlevel@foot=\count313
\blx@sectionciteorder@0=\count314
\blx@sectionciteorderinternal@0=\count315
\blx@entrysetcounter=\count316
\blx@biblioinstance=\count317
\labelnumberwidth=\skip52
\labelalphawidth=\skip53
\biblabelsep=\skip54
\bibitemsep=\skip55
\bibnamesep=\skip56
\bibinitsep=\skip57
\bibparsep=\skip58
\bibhang=\skip59
\blx@bcfin=\read3
\blx@bcfout=\write3
\blx@langwohyphens=\language9
\c@mincomprange=\count318
\c@maxcomprange=\count319
\c@mincompwidth=\count320
Package biblatex Info: Trying to load biblatex default data model...
Package biblatex Info: ... file 'blx-dm.def' found.

(/usr/share/texmf-dist/tex/latex/biblatex/blx-dm.def
File: blx-dm.def 2023/03/05 v3.19 biblatex localization (PK/MW)
)
Package biblatex Info: Trying to load biblatex style data model...
Package biblatex Info: ... file 'numeric.dbx' not found.
Package biblatex Info: Trying to load biblatex custom data model...
Package biblatex Info: ... file 'biblatex-dm.cfg' not found.
\c@afterword=\count321
\c@savedafterword=\count322
\c@annotator=\count323
\c@savedannotator=\count324
\c@author=\count325
\c@savedauthor=\count326
\c@bookauthor=\count327
\c@savedbookauthor=\count328
\c@commentator=\count329
\c@savedcommentator=\count330
\c@editor=\count331
\c@savededitor=\count332
\c@editora=\count333
\c@savededitora=\count334
\c@editorb=\count335
\c@savededitorb=\count336
\c@editorc=\count337
\c@savededitorc=\count338
\c@foreword=\count339
\c@savedforeword=\count340
\c@holder=\count341
\c@savedholder=\count342
\c@introduction=\count343
\c@savedintroduction=\count344
\c@namea=\count345
\c@savednamea=\count346
\c@nameb=\count347
\c@savednameb=\count348
\c@namec=\count349
\c@savednamec=\count350
\c@translator=\count351
\c@savedtranslator=\count352
\c@shortauthor=\count353
\c@savedshortauthor=\count354
\c@shorteditor=\count355
\c@savedshorteditor=\count356
\c@labelname=\count357
\c@savedlabelname=\count358
\c@institution=\count359
\c@savedinstitution=\count360
\c@lista=\count361
\c@savedlista=\count362
\c@listb=\count363
\c@savedlistb=\count364
\c@listc=\count365
\c@savedlistc=\count366
\c@listd=\count367
\c@savedlistd=\count368
\c@liste=\count369
\c@savedliste=\count370
\c@listf=\count371
\c@savedlistf=\count372
\c@location=\count373
\c@savedlocation=\count374
\c@organization=\count375
\c@savedorganization=\count376
\c@origlocation=\count377
\c@savedoriglocation=\count378
\c@origpublisher=\count379
\c@savedorigpublisher=\count380
\c@publisher=\count381
\c@savedpublisher=\count382
\c@language=\count383
\c@savedlanguage=\count384
\c@origlanguage=\count385
\c@savedoriglanguage=\count386
\c@pageref=\count387
\c@savedpageref=\count388
\shorthandwidth=\skip60
\shortjournalwidth=\skip61
\shortserieswidth=\skip62
\shorttitlewidth=\skip63
\shortauthorwidth=\skip64
\shorteditorwidth=\skip65
\locallabelnumberwidth=\skip66
\locallabelalphawidth=\skip67
\localshorthandwidth=\skip68
\localshortjournalwidth=\skip69
\localshortserieswidth=\skip70
\localshorttitlewidth=\skip71
\localshortauthorwidth=\skip72
\localshorteditorwidth=\skip73
Package biblatex Info: Trying to load compatibility code...
Package biblatex Info: ... file 'blx-compat.def' found.

(/usr/share/texmf-dist/tex/latex/biblatex/blx-compat.def
File: blx-compat.def 2023/03/05 v3.19 biblatex compatibility (PK/MW)
)
Package biblatex Info: Trying to load generic definitions...
Package biblatex Info: ... file 'biblatex.def' found.

(/usr/share/texmf-dist/tex/latex/biblatex/biblatex.def
File: biblatex.def 2023/03/05 v3.19 biblatex compatibility (PK/MW)
\c@textcitecount=\count389
\c@textcitetotal=\count390
\c@textcitemaxnames=\count391
\c@biburlbigbreakpenalty=\count392
\c@biburlbreakpenalty=\count393
\c@biburlnumpenalty=\count394
\c@biburlucpenalty=\count395
\c@biburllcpenalty=\count396
\biburlbigskip=\muskip17
\biburlnumskip=\muskip18
\biburlucskip=\muskip19
\biburllcskip=\muskip20
\c@smartand=\count397
)
Package biblatex Info: Trying to load bibliography style 'numeric'...
Package biblatex Info: ... file 'numeric.bbx' found.

(/usr/share/texmf-dist/tex/latex/biblatex/bbx/numeric.bbx
File: numeric.bbx 2023/03/05 v3.19 biblatex bibliography style (PK/MW)
Package biblatex Info: Trying to load bibliography style 'standard'...
Package biblatex Info: ... file 'standard.bbx' found.

(/usr/share/texmf-dist/tex/latex/biblatex/bbx/standard.bbx
File: standard.bbx 2023/03/05 v3.19 biblatex bibliography style (PK/MW)
\c@bbx:relatedcount=\count398
\c@bbx:relatedtotal=\count399
))
Package biblatex Info: Trying to load citation style 'numeric'...
Package biblatex Info: ... file 'numeric.cbx' found.

(/usr/share/texmf-dist/tex/latex/biblatex/cbx/numeric.cbx
File: numeric.cbx 2023/03/05 v3.19 biblatex citation style (PK/MW)
Package biblatex Info: Redefining '\cite'.
Package biblatex Info: Redefining '\parencite'.
Package biblatex Info: Redefining '\footcite'.
Package biblatex Info: Redefining '\footcitetext'.
Package biblatex Info: Redefining '\smartcite'.
Package biblatex Info: Redefining '\supercite'.
Package biblatex Info: Redefining '\textcite'.
Package biblatex Info: Redefining '\textcites'.
Package biblatex Info: Redefining '\cites'.
Package biblatex Info: Redefining '\parencites'.
Package biblatex Info: Redefining '\smartcites'.
)
Package biblatex Info: Trying to load configuration file...
Package biblatex Info: ... file 'biblatex.cfg' found.

(/usr/share/texmf-dist/tex/latex/biblatex/biblatex.cfg
File: biblatex.cfg 
)
Package biblatex Info: Input encoding 'utf8' detected.
Package biblatex Info: Document encoding is UTF8 ....

(/usr/share/texmf-dist/tex/latex/l3kernel/expl3.sty
Package: expl3 2024-02-20 L3 programming layer (loader) 

(/usr/share/texmf-dist/tex/latex/l3backend/l3backend-pdftex.def
File: l3backend-pdftex.def 2024-02-20 L3 backend support: PDF output (pdfTeX)
\l__color_backend_stack_int=\count400
\l__pdf_internal_box=\box52
))
Package biblatex Info: ... and expl3
(biblatex)             2024-02-20 L3 programming layer (loader) 
(biblatex)             is new enough (at least 2020/04/06),
(biblatex)             setting 'casechanger=expl3'.

(/usr/share/texmf-dist/tex/latex/biblatex/blx-case-expl3.sty
(/usr/share/texmf-dist/tex/latex/l3packages/xparse/xparse.sty
Package: xparse 2024-02-18 L3 Experimental document command parser
)
Package: blx-case-expl3 2023/03/05 v3.19 expl3 case changing code for biblatex
))
Package biblatex Info: Redefining '\cite' on input line 36.
Package biblatex Info: Redefining '\parencite' on input line 43.
Package biblatex Info: Redefining '\cite' on input line 51.

(/usr/share/texmf-dist/tex/latex/hyperref/hyperref.sty
Package: hyperref 2024-01-20 v7.01h Hypertext links for LaTeX

(/usr/share/texmf-dist/tex/generic/kvdefinekeys/kvdefinekeys.sty
Package: kvdefinekeys 2019-12-19 v1.6 Define keys (HO)
)
(/usr/share/texmf-dist/tex/generic/pdfescape/pdfescape.sty
Package: pdfescape 2019/12/09 v1.15 Implements pdfTeX's escape features (HO)
)
(/usr/share/texmf-dist/tex/latex/hycolor/hycolor.sty
Package: hycolor 2020-01-27 v1.10 Color options for hyperref/bookmark (HO)
)
(/usr/share/texmf-dist/tex/latex/auxhook/auxhook.sty
Package: auxhook 2019-12-17 v1.6 Hooks for auxiliary files (HO)
)
(/usr/share/texmf-dist/tex/latex/hyperref/nameref.sty
Package: nameref 2023-11-26 v2.56 Cross-referencing by name of section

(/usr/share/texmf-dist/tex/latex/refcount/refcount.sty
Package: refcount 2019/12/15 v3.6 Data extraction from label references (HO)
)
(/usr/share/texmf-dist/tex/generic/gettitlestring/gettitlestring.sty
Package: gettitlestring 2019/12/15 v1.6 Cleanup title references (HO)
)
\c@section@level=\count401
)
\@linkdim=\dimen148
\Hy@linkcounter=\count402
\Hy@pagecounter=\count403

(/usr/share/texmf-dist/tex/latex/hyperref/pd1enc.def
File: pd1enc.def 2024-01-20 v7.01h Hyperref: PDFDocEncoding definition (HO)
Now handling font encoding PD1 ...
... no UTF-8 mapping file for font encoding PD1
)
(/usr/share/texmf-dist/tex/generic/intcalc/intcalc.sty
Package: intcalc 2019/12/15 v1.3 Expandable calculations with integers (HO)
)
\Hy@SavedSpaceFactor=\count404

(/usr/share/texmf-dist/tex/latex/hyperref/puenc.def
File: puenc.def 2024-01-20 v7.01h Hyperref: PDF Unicode definition (HO)
Now handling font encoding PU ...
... no UTF-8 mapping file for font encoding PU
)
Package hyperref Info: Option `linktocpage' set `true' on input line 4062.
Package hyperref Info: Option `breaklinks' set `true' on input line 4062.
Package hyperref Info: Option `colorlinks' set `true' on input line 4062.
Package hyperref Info: Hyper figures OFF on input line 4179.
Package hyperref Info: Link nesting OFF on input line 4184.
Package hyperref Info: Hyper index ON on input line 4187.
Package hyperref Info: Plain pages OFF on input line 4194.
Package hyperref Info: Backreferencing OFF on input line 4199.
Package hyperref Info: Implicit mode ON; LaTeX internals redefined.
Package hyperref Info: Bookmarks ON on input line 4446.
\c@Hy@tempcnt=\count405
LaTeX Info: Redefining \url on input line 4784.
\XeTeXLinkMargin=\dimen149

(/usr/share/texmf-dist/tex/generic/bitset/bitset.sty
Package: bitset 2019/12/09 v1.3 Handle bit-vector datatype (HO)

(/usr/share/texmf-dist/tex/generic/bigintcalc/bigintcalc.sty
Package: bigintcalc 2019/12/15 v1.5 Expandable calculations on big integers (HO
)
))
\Fld@menulength=\count406
\Field@Width=\dimen150
\Fld@charsize=\dimen151
Package hyperref Info: Hyper figures OFF on input line 6063.
Package hyperref Info: Link nesting OFF on input line 6068.
Package hyperref Info: Hyper index ON on input line 6071.
Package hyperref Info: backreferencing OFF on input line 6078.
Package hyperref Info: Link coloring ON on input line 6081.
Package hyperref Info: Link coloring with OCG OFF on input line 6088.
Package hyperref Info: PDF/A mode OFF on input line 6093.

(/usr/share/texmf-dist/tex/latex/base/atbegshi-ltx.sty
Package: atbegshi-ltx 2021/01/10 v1.0c Emulation of the original atbegshi
package with kernel methods
)
\Hy@abspage=\count407
\c@Item=\count408
\c@Hfootnote=\count409
)
Package hyperref Info: Driver (autodetected): hpdftex.

(/usr/share/texmf-dist/tex/latex/hyperref/hpdftex.def
File: hpdftex.def 2024-01-20 v7.01h Hyperref driver for pdfTeX

(/usr/share/texmf-dist/tex/latex/base/atveryend-ltx.sty
Package: atveryend-ltx 2020/08/19 v1.0a Emulation of the original atveryend pac
kage
with kernel methods
)
\Fld@listcount=\count410
\c@bookmark@seq@number=\count411

(/usr/share/texmf-dist/tex/latex/rerunfilecheck/rerunfilecheck.sty
Package: rerunfilecheck 2022-07-10 v1.10 Rerun checks for auxiliary files (HO)

(/usr/share/texmf-dist/tex/generic/uniquecounter/uniquecounter.sty
Package: uniquecounter 2019/12/15 v1.4 Provide unlimited unique counter (HO)
)
Package uniquecounter Info: New unique counter `rerunfilecheck' on input line 2
85.
)
\Hy@SectionHShift=\skip74
)
(/usr/share/texmf-dist/tex/latex/fancyhdr/fancyhdr.sty
Package: fancyhdr 2022/11/09 v4.1 Extensive control of page headers and footers

\f@nch@headwidth=\skip75
\f@nch@O@elh=\skip76
\f@nch@O@erh=\skip77
\f@nch@O@olh=\skip78
\f@nch@O@orh=\skip79
\f@nch@O@elf=\skip80
\f@nch@O@erf=\skip81
\f@nch@O@olf=\skip82
\f@nch@O@orf=\skip83
)
Package biblatex Info: Redefining '\cite' on input line 107.
Package biblatex Info: Redefining '\parencite' on input line 121.
Package biblatex Info: Redefining '\footcite' on input line 135.
Package biblatex Info: Redefining '\footcitetext' on input line 142.
Package biblatex Info: Redefining '\textcite' on input line 149.
\c@theorem=\count412
\c@definition=\count413
\c@lemma=\count414
)
(/usr/share/texmf-dist/tex/latex/subfigure/subfigure.sty
Package: subfigure 2002/03/15 v2.1.5 subfigure package
\subfigtopskip=\skip84
\subfigcapskip=\skip85
\subfigcaptopadj=\dimen152
\subfigbottomskip=\skip86
\subfigcapmargin=\dimen153
\subfiglabelskip=\skip87
\c@subfigure=\count415
\c@lofdepth=\count416
\c@subtable=\count417
\c@lotdepth=\count418

****************************************
* Local config file subfigure.cfg used *
****************************************
(/usr/share/texmf-dist/tex/latex/subfigure/subfigure.cfg)
\subfig@top=\skip88
\subfig@bottom=\skip89
)
(/usr/share/texmf-dist/tex/latex/algorithm2e/algorithm2e.sty
Package: algorithm2e 2017/07/18 v5.2 algorithms environments
\c@AlgoLine=\count419
\algocf@hangindent=\skip90

(/usr/share/texmf-dist/tex/latex/ifoddpage/ifoddpage.sty
Package: ifoddpage 2022/10/18 v1.2 Conditionals for odd/even page detection
\c@checkoddpage=\count420
)
(/usr/share/texmf-dist/tex/latex/tools/xspace.sty
Package: xspace 2014/10/28 v1.13 Space after command names (DPC,MH)
)
(/usr/share/texmf-dist/tex/latex/relsize/relsize.sty
Package: relsize 2013/03/29 ver 4.1
)
\skiptotal=\skip91
\skiplinenumber=\skip92
\skiprule=\skip93
\skiphlne=\skip94
\skiptext=\skip95
\skiplength=\skip96
\algomargin=\skip97
\skipalgocfslide=\skip98
\algowidth=\dimen154
\inoutsize=\dimen155
\inoutindent=\dimen156
\interspacetitleruled=\dimen157
\interspacealgoruled=\dimen158
\interspacetitleboxruled=\dimen159
\algocf@ruledwidth=\skip99
\algocf@inoutbox=\box53
\algocf@inputbox=\box54
\AlCapSkip=\skip100
\AlCapHSkip=\skip101
\algoskipindent=\skip102
\algocf@nlbox=\box55
\algocf@hangingbox=\box56
\algocf@untilbox=\box57
\algocf@skipuntil=\skip103
\algocf@capbox=\box58
\algocf@lcaptionbox=\skip104
\algoheightruledefault=\skip105
\algoheightrule=\skip106
\algotitleheightruledefault=\skip107
\algotitleheightrule=\skip108
\c@algocfline=\count421
\c@algocfproc=\count422
\c@algocf=\count423
\algocf@algoframe=\box59
\algocf@algobox=\box60
)
(/usr/share/texmf-dist/tex/latex/amsmath/amsmath.sty
Package: amsmath 2023/05/13 v2.17o AMS math features
\@mathmargin=\skip109

For additional information on amsmath, use the `?' option.
(/usr/share/texmf-dist/tex/latex/amsmath/amstext.sty
Package: amstext 2021/08/26 v2.01 AMS text

(/usr/share/texmf-dist/tex/latex/amsmath/amsgen.sty
File: amsgen.sty 1999/11/30 v2.0 generic functions
\@emptytoks=\toks24
\ex@=\dimen160
))
(/usr/share/texmf-dist/tex/latex/amsmath/amsbsy.sty
Package: amsbsy 1999/11/29 v1.2d Bold Symbols
\pmbraise@=\dimen161
)
(/usr/share/texmf-dist/tex/latex/amsmath/amsopn.sty
Package: amsopn 2022/04/08 v2.04 operator names
)
\inf@bad=\count424
LaTeX Info: Redefining \frac on input line 234.
\uproot@=\count425
\leftroot@=\count426
LaTeX Info: Redefining \overline on input line 399.
LaTeX Info: Redefining \colon on input line 410.
\classnum@=\count427
\DOTSCASE@=\count428
LaTeX Info: Redefining \ldots on input line 496.
LaTeX Info: Redefining \dots on input line 499.
LaTeX Info: Redefining \cdots on input line 620.
\Mathstrutbox@=\box61
\strutbox@=\box62
LaTeX Info: Redefining \big on input line 722.
LaTeX Info: Redefining \Big on input line 723.
LaTeX Info: Redefining \bigg on input line 724.
LaTeX Info: Redefining \Bigg on input line 725.
\big@size=\dimen162
LaTeX Font Info:    Redeclaring font encoding OML on input line 743.
LaTeX Font Info:    Redeclaring font encoding OMS on input line 744.
\macc@depth=\count429
LaTeX Info: Redefining \bmod on input line 905.
LaTeX Info: Redefining \pmod on input line 910.
LaTeX Info: Redefining \smash on input line 940.
LaTeX Info: Redefining \relbar on input line 970.
LaTeX Info: Redefining \Relbar on input line 971.
\c@MaxMatrixCols=\count430
\dotsspace@=\muskip21
\c@parentequation=\count431
\dspbrk@lvl=\count432
\tag@help=\toks25
\row@=\count433
\column@=\count434
\maxfields@=\count435
\andhelp@=\toks26
\eqnshift@=\dimen163
\alignsep@=\dimen164
\tagshift@=\dimen165
\tagwidth@=\dimen166
\totwidth@=\dimen167
\lineht@=\dimen168
\@envbody=\toks27
\multlinegap=\skip110
\multlinetaggap=\skip111
\mathdisplay@stack=\toks28
LaTeX Info: Redefining \[ on input line 2953.
LaTeX Info: Redefining \] on input line 2954.
)
(/usr/share/texmf-dist/tex/latex/amsfonts/amssymb.sty
Package: amssymb 2013/01/14 v3.01 AMS font symbols

(/usr/share/texmf-dist/tex/latex/amsfonts/amsfonts.sty
Package: amsfonts 2013/01/14 v3.01 Basic AMSFonts support
\symAMSa=\mathgroup6
\symAMSb=\mathgroup7
LaTeX Font Info:    Overwriting math alphabet `\mathfrak' in version `bold'
(Font)                  U/euf/m/n --> U/euf/b/n on input line 106.
))
(/usr/share/texmf-dist/tex/latex/caption/caption.sty
Package: caption 2023/08/05 v3.6o Customizing captions (AR)

(/usr/share/texmf-dist/tex/latex/caption/caption3.sty
Package: caption3 2023/07/31 v2.4d caption3 kernel (AR)
\caption@tempdima=\dimen169
\captionmargin=\dimen170
\caption@leftmargin=\dimen171
\caption@rightmargin=\dimen172
\caption@width=\dimen173
\caption@indent=\dimen174
\caption@parindent=\dimen175
\caption@hangindent=\dimen176
Package caption Info: Standard document class detected.
)
\c@caption@flags=\count436
\c@continuedfloat=\count437
Package caption Info: hyperref package is loaded.
Package caption Info: subfigure package is loaded.
)
(/usr/share/texmf-dist/tex/latex/booktabs/booktabs.sty
Package: booktabs 2020/01/12 v1.61803398 Publication quality tables
\heavyrulewidth=\dimen177
\lightrulewidth=\dimen178
\cmidrulewidth=\dimen179
\belowrulesep=\dimen180
\belowbottomsep=\dimen181
\aboverulesep=\dimen182
\abovetopsep=\dimen183
\cmidrulesep=\dimen184
\cmidrulekern=\dimen185
\defaultaddspace=\dimen186
\@cmidla=\count438
\@cmidlb=\count439
\@aboverulesep=\dimen187
\@belowrulesep=\dimen188
\@thisruleclass=\count440
\@lastruleclass=\count441
\@thisrulewidth=\dimen189
)
(/usr/share/texmf-dist/tex/latex/float/float.sty
Package: float 2001/11/08 v1.3d Float enhancements (AL)
\c@float@type=\count442
\float@exts=\toks29
\float@box=\box63
\@float@everytoks=\toks30
\@floatcapt=\box64
)
(/usr/share/texmf-dist/tex/latex/todonotes/todonotes.sty
Package: todonotes 2024/01/05 v1.1.7 Todonotes source and documentation.
Package: todonotes 2024/01/05

(/usr/share/texmf-dist/tex/latex/pgf/frontendlayer/tikz.sty
(/usr/share/texmf-dist/tex/latex/pgf/basiclayer/pgf.sty
(/usr/share/texmf-dist/tex/latex/pgf/utilities/pgfrcs.sty
(/usr/share/texmf-dist/tex/generic/pgf/utilities/pgfutil-common.tex
\pgfutil@everybye=\toks31
\pgfutil@tempdima=\dimen190
\pgfutil@tempdimb=\dimen191
)
(/usr/share/texmf-dist/tex/generic/pgf/utilities/pgfutil-latex.def
\pgfutil@abb=\box65
)
(/usr/share/texmf-dist/tex/generic/pgf/utilities/pgfrcs.code.tex
(/usr/share/texmf-dist/tex/generic/pgf/pgf.revision.tex)
Package: pgfrcs 2023-01-15 v3.1.10 (3.1.10)
))
Package: pgf 2023-01-15 v3.1.10 (3.1.10)

(/usr/share/texmf-dist/tex/latex/pgf/basiclayer/pgfcore.sty
(/usr/share/texmf-dist/tex/latex/pgf/systemlayer/pgfsys.sty
(/usr/share/texmf-dist/tex/generic/pgf/systemlayer/pgfsys.code.tex
Package: pgfsys 2023-01-15 v3.1.10 (3.1.10)

(/usr/share/texmf-dist/tex/generic/pgf/utilities/pgfkeys.code.tex
\pgfkeys@pathtoks=\toks32
\pgfkeys@temptoks=\toks33

(/usr/share/texmf-dist/tex/generic/pgf/utilities/pgfkeyslibraryfiltered.code.te
x
\pgfkeys@tmptoks=\toks34
))
\pgf@x=\dimen192
\pgf@y=\dimen193
\pgf@xa=\dimen194
\pgf@ya=\dimen195
\pgf@xb=\dimen196
\pgf@yb=\dimen197
\pgf@xc=\dimen198
\pgf@yc=\dimen199
\pgf@xd=\dimen256
\pgf@yd=\dimen257
\w@pgf@writea=\write4
\r@pgf@reada=\read4
\c@pgf@counta=\count443
\c@pgf@countb=\count444
\c@pgf@countc=\count445
\c@pgf@countd=\count446
\t@pgf@toka=\toks35
\t@pgf@tokb=\toks36
\t@pgf@tokc=\toks37
\pgf@sys@id@count=\count447
 (/usr/share/texmf-dist/tex/generic/pgf/systemlayer/pgf.cfg
File: pgf.cfg 2023-01-15 v3.1.10 (3.1.10)
)
Driver file for pgf: pgfsys-pdftex.def

(/usr/share/texmf-dist/tex/generic/pgf/systemlayer/pgfsys-pdftex.def
File: pgfsys-pdftex.def 2023-01-15 v3.1.10 (3.1.10)

(/usr/share/texmf-dist/tex/generic/pgf/systemlayer/pgfsys-common-pdf.def
File: pgfsys-common-pdf.def 2023-01-15 v3.1.10 (3.1.10)
)))
(/usr/share/texmf-dist/tex/generic/pgf/systemlayer/pgfsyssoftpath.code.tex
File: pgfsyssoftpath.code.tex 2023-01-15 v3.1.10 (3.1.10)
\pgfsyssoftpath@smallbuffer@items=\count448
\pgfsyssoftpath@bigbuffer@items=\count449
)
(/usr/share/texmf-dist/tex/generic/pgf/systemlayer/pgfsysprotocol.code.tex
File: pgfsysprotocol.code.tex 2023-01-15 v3.1.10 (3.1.10)
))
(/usr/share/texmf-dist/tex/generic/pgf/basiclayer/pgfcore.code.tex
Package: pgfcore 2023-01-15 v3.1.10 (3.1.10)

(/usr/share/texmf-dist/tex/generic/pgf/math/pgfmath.code.tex
(/usr/share/texmf-dist/tex/generic/pgf/math/pgfmathutil.code.tex)
(/usr/share/texmf-dist/tex/generic/pgf/math/pgfmathparser.code.tex
\pgfmath@dimen=\dimen258
\pgfmath@count=\count450
\pgfmath@box=\box66
\pgfmath@toks=\toks38
\pgfmath@stack@operand=\toks39
\pgfmath@stack@operation=\toks40
)
(/usr/share/texmf-dist/tex/generic/pgf/math/pgfmathfunctions.code.tex)
(/usr/share/texmf-dist/tex/generic/pgf/math/pgfmathfunctions.basic.code.tex)
(/usr/share/texmf-dist/tex/generic/pgf/math/pgfmathfunctions.trigonometric.code
.tex)
(/usr/share/texmf-dist/tex/generic/pgf/math/pgfmathfunctions.random.code.tex)
(/usr/share/texmf-dist/tex/generic/pgf/math/pgfmathfunctions.comparison.code.te
x) (/usr/share/texmf-dist/tex/generic/pgf/math/pgfmathfunctions.base.code.tex)
(/usr/share/texmf-dist/tex/generic/pgf/math/pgfmathfunctions.round.code.tex)
(/usr/share/texmf-dist/tex/generic/pgf/math/pgfmathfunctions.misc.code.tex)
(/usr/share/texmf-dist/tex/generic/pgf/math/pgfmathfunctions.integerarithmetics
.code.tex) (/usr/share/texmf-dist/tex/generic/pgf/math/pgfmathcalc.code.tex)
(/usr/share/texmf-dist/tex/generic/pgf/math/pgfmathfloat.code.tex
\c@pgfmathroundto@lastzeros=\count451
))
(/usr/share/texmf-dist/tex/generic/pgf/math/pgfint.code.tex)
(/usr/share/texmf-dist/tex/generic/pgf/basiclayer/pgfcorepoints.code.tex
File: pgfcorepoints.code.tex 2023-01-15 v3.1.10 (3.1.10)
\pgf@picminx=\dimen259
\pgf@picmaxx=\dimen260
\pgf@picminy=\dimen261
\pgf@picmaxy=\dimen262
\pgf@pathminx=\dimen263
\pgf@pathmaxx=\dimen264
\pgf@pathminy=\dimen265
\pgf@pathmaxy=\dimen266
\pgf@xx=\dimen267
\pgf@xy=\dimen268
\pgf@yx=\dimen269
\pgf@yy=\dimen270
\pgf@zx=\dimen271
\pgf@zy=\dimen272
)
(/usr/share/texmf-dist/tex/generic/pgf/basiclayer/pgfcorepathconstruct.code.tex
File: pgfcorepathconstruct.code.tex 2023-01-15 v3.1.10 (3.1.10)
\pgf@path@lastx=\dimen273
\pgf@path@lasty=\dimen274
) (/usr/share/texmf-dist/tex/generic/pgf/basiclayer/pgfcorepathusage.code.tex
File: pgfcorepathusage.code.tex 2023-01-15 v3.1.10 (3.1.10)
\pgf@shorten@end@additional=\dimen275
\pgf@shorten@start@additional=\dimen276
)
(/usr/share/texmf-dist/tex/generic/pgf/basiclayer/pgfcorescopes.code.tex
File: pgfcorescopes.code.tex 2023-01-15 v3.1.10 (3.1.10)
\pgfpic=\box67
\pgf@hbox=\box68
\pgf@layerbox@main=\box69
\pgf@picture@serial@count=\count452
)
(/usr/share/texmf-dist/tex/generic/pgf/basiclayer/pgfcoregraphicstate.code.tex
File: pgfcoregraphicstate.code.tex 2023-01-15 v3.1.10 (3.1.10)
\pgflinewidth=\dimen277
)
(/usr/share/texmf-dist/tex/generic/pgf/basiclayer/pgfcoretransformations.code.t
ex
File: pgfcoretransformations.code.tex 2023-01-15 v3.1.10 (3.1.10)
\pgf@pt@x=\dimen278
\pgf@pt@y=\dimen279
\pgf@pt@temp=\dimen280
) (/usr/share/texmf-dist/tex/generic/pgf/basiclayer/pgfcorequick.code.tex
File: pgfcorequick.code.tex 2023-01-15 v3.1.10 (3.1.10)
)
(/usr/share/texmf-dist/tex/generic/pgf/basiclayer/pgfcoreobjects.code.tex
File: pgfcoreobjects.code.tex 2023-01-15 v3.1.10 (3.1.10)
)
(/usr/share/texmf-dist/tex/generic/pgf/basiclayer/pgfcorepathprocessing.code.te
x
File: pgfcorepathprocessing.code.tex 2023-01-15 v3.1.10 (3.1.10)
) (/usr/share/texmf-dist/tex/generic/pgf/basiclayer/pgfcorearrows.code.tex
File: pgfcorearrows.code.tex 2023-01-15 v3.1.10 (3.1.10)
\pgfarrowsep=\dimen281
)
(/usr/share/texmf-dist/tex/generic/pgf/basiclayer/pgfcoreshade.code.tex
File: pgfcoreshade.code.tex 2023-01-15 v3.1.10 (3.1.10)
\pgf@max=\dimen282
\pgf@sys@shading@range@num=\count453
\pgf@shadingcount=\count454
)
(/usr/share/texmf-dist/tex/generic/pgf/basiclayer/pgfcoreimage.code.tex
File: pgfcoreimage.code.tex 2023-01-15 v3.1.10 (3.1.10)
)
(/usr/share/texmf-dist/tex/generic/pgf/basiclayer/pgfcoreexternal.code.tex
File: pgfcoreexternal.code.tex 2023-01-15 v3.1.10 (3.1.10)
\pgfexternal@startupbox=\box70
)
(/usr/share/texmf-dist/tex/generic/pgf/basiclayer/pgfcorelayers.code.tex
File: pgfcorelayers.code.tex 2023-01-15 v3.1.10 (3.1.10)
)
(/usr/share/texmf-dist/tex/generic/pgf/basiclayer/pgfcoretransparency.code.tex
File: pgfcoretransparency.code.tex 2023-01-15 v3.1.10 (3.1.10)
) (/usr/share/texmf-dist/tex/generic/pgf/basiclayer/pgfcorepatterns.code.tex
File: pgfcorepatterns.code.tex 2023-01-15 v3.1.10 (3.1.10)
)
(/usr/share/texmf-dist/tex/generic/pgf/basiclayer/pgfcorerdf.code.tex
File: pgfcorerdf.code.tex 2023-01-15 v3.1.10 (3.1.10)
)))
(/usr/share/texmf-dist/tex/generic/pgf/modules/pgfmoduleshapes.code.tex
File: pgfmoduleshapes.code.tex 2023-01-15 v3.1.10 (3.1.10)
\pgfnodeparttextbox=\box71
)
(/usr/share/texmf-dist/tex/generic/pgf/modules/pgfmoduleplot.code.tex
File: pgfmoduleplot.code.tex 2023-01-15 v3.1.10 (3.1.10)
)
(/usr/share/texmf-dist/tex/latex/pgf/compatibility/pgfcomp-version-0-65.sty
Package: pgfcomp-version-0-65 2023-01-15 v3.1.10 (3.1.10)
\pgf@nodesepstart=\dimen283
\pgf@nodesepend=\dimen284
)
(/usr/share/texmf-dist/tex/latex/pgf/compatibility/pgfcomp-version-1-18.sty
Package: pgfcomp-version-1-18 2023-01-15 v3.1.10 (3.1.10)
))
(/usr/share/texmf-dist/tex/latex/pgf/utilities/pgffor.sty
(/usr/share/texmf-dist/tex/latex/pgf/utilities/pgfkeys.sty
(/usr/share/texmf-dist/tex/generic/pgf/utilities/pgfkeys.code.tex))
(/usr/share/texmf-dist/tex/latex/pgf/math/pgfmath.sty
(/usr/share/texmf-dist/tex/generic/pgf/math/pgfmath.code.tex))
(/usr/share/texmf-dist/tex/generic/pgf/utilities/pgffor.code.tex
Package: pgffor 2023-01-15 v3.1.10 (3.1.10)
\pgffor@iter=\dimen285
\pgffor@skip=\dimen286
\pgffor@stack=\toks41
\pgffor@toks=\toks42
))
(/usr/share/texmf-dist/tex/generic/pgf/frontendlayer/tikz/tikz.code.tex
Package: tikz 2023-01-15 v3.1.10 (3.1.10)

(/usr/share/texmf-dist/tex/generic/pgf/libraries/pgflibraryplothandlers.code.te
x
File: pgflibraryplothandlers.code.tex 2023-01-15 v3.1.10 (3.1.10)
\pgf@plot@mark@count=\count455
\pgfplotmarksize=\dimen287
)
\tikz@lastx=\dimen288
\tikz@lasty=\dimen289
\tikz@lastxsaved=\dimen290
\tikz@lastysaved=\dimen291
\tikz@lastmovetox=\dimen292
\tikz@lastmovetoy=\dimen293
\tikzleveldistance=\dimen294
\tikzsiblingdistance=\dimen295
\tikz@figbox=\box72
\tikz@figbox@bg=\box73
\tikz@tempbox=\box74
\tikz@tempbox@bg=\box75
\tikztreelevel=\count456
\tikznumberofchildren=\count457
\tikznumberofcurrentchild=\count458
\tikz@fig@count=\count459
 (/usr/share/texmf-dist/tex/generic/pgf/modules/pgfmodulematrix.code.tex
File: pgfmodulematrix.code.tex 2023-01-15 v3.1.10 (3.1.10)
\pgfmatrixcurrentrow=\count460
\pgfmatrixcurrentcolumn=\count461
\pgf@matrix@numberofcolumns=\count462
)
\tikz@expandcount=\count463

(/usr/share/texmf-dist/tex/generic/pgf/frontendlayer/tikz/libraries/tikzlibrary
topaths.code.tex
File: tikzlibrarytopaths.code.tex 2023-01-15 v3.1.10 (3.1.10)
)))
(/usr/share/texmf-dist/tex/generic/pgf/frontendlayer/tikz/libraries/tikzlibrary
positioning.code.tex
File: tikzlibrarypositioning.code.tex 2023-01-15 v3.1.10 (3.1.10)
) (/usr/share/texmf-dist/tex/latex/tools/calc.sty
Package: calc 2023/07/08 v4.3 Infix arithmetic (KKT,FJ)
\calc@Acount=\count464
\calc@Bcount=\count465
\calc@Adimen=\dimen296
\calc@Bdimen=\dimen297
\calc@Askip=\skip112
\calc@Bskip=\skip113
LaTeX Info: Redefining \setlength on input line 80.
LaTeX Info: Redefining \addtolength on input line 81.
\calc@Ccount=\count466
\calc@Cskip=\skip114
)
\c@@todonotes@numberoftodonotes=\count467
)
(/usr/share/texmf-dist/tex/latex/listings/listings.sty
\lst@mode=\count468
\lst@gtempboxa=\box76
\lst@token=\toks43
\lst@length=\count469
\lst@currlwidth=\dimen298
\lst@column=\count470
\lst@pos=\count471
\lst@lostspace=\dimen299
\lst@width=\dimen300
\lst@newlines=\count472
\lst@lineno=\count473
\lst@maxwidth=\dimen301

(/usr/share/texmf-dist/tex/latex/listings/lstpatch.sty
File: lstpatch.sty 2024/02/21 1.10 (Carsten Heinz)
)
(/usr/share/texmf-dist/tex/latex/listings/lstmisc.sty
File: lstmisc.sty 2024/02/21 1.10 (Carsten Heinz)
\c@lstnumber=\count474
\lst@skipnumbers=\count475
\lst@framebox=\box77
)
(/usr/share/texmf-dist/tex/latex/listings/listings.cfg
File: listings.cfg 2024/02/21 1.10 listings configuration
))
Package: listings 2024/02/21 1.10 (Carsten Heinz)

(/usr/share/texmf-dist/tex/latex/tools/multicol.sty
Package: multicol 2023/03/30 v1.9f multicolumn formatting (FMi)
\c@tracingmulticols=\count476
\mult@box=\box78
\multicol@leftmargin=\dimen302
\c@unbalance=\count477
\c@collectmore=\count478
\doublecol@number=\count479
\multicoltolerance=\count480
\multicolpretolerance=\count481
\full@width=\dimen303
\page@free=\dimen304
\premulticols=\dimen305
\postmulticols=\dimen306
\multicolsep=\skip115
\multicolbaselineskip=\skip116
\partial@page=\box79
\last@line=\box80
\mc@boxedresult=\box81
\maxbalancingoverflow=\dimen307
\mult@rightbox=\box82
\mult@grightbox=\box83
\mult@firstbox=\box84
\mult@gfirstbox=\box85
\@tempa=\box86
\@tempa=\box87
\@tempa=\box88
\@tempa=\box89
\@tempa=\box90
\@tempa=\box91
\@tempa=\box92
\@tempa=\box93
\@tempa=\box94
\@tempa=\box95
\@tempa=\box96
\@tempa=\box97
\@tempa=\box98
\@tempa=\box99
\@tempa=\box100
\@tempa=\box101
\@tempa=\box102
\@tempa=\box103
\@tempa=\box104
\@tempa=\box105
\@tempa=\box106
\@tempa=\box107
\@tempa=\box108
\@tempa=\box109
\@tempa=\box110
\@tempa=\box111
\@tempa=\box112
\@tempa=\box113
\@tempa=\box114
\@tempa=\box115
\@tempa=\box116
\@tempa=\box117
\@tempa=\box118
\@tempa=\box119
\@tempa=\box120
\@tempa=\box121
\c@minrows=\count482
\c@columnbadness=\count483
\c@finalcolumnbadness=\count484
\last@try=\dimen308
\multicolovershoot=\dimen309
\multicolundershoot=\dimen310
\mult@nat@firstbox=\box122
\colbreak@box=\box123
\mc@col@check@num=\count485
)
\@float@every@table=\toks44

(/usr/share/texmf-dist/tex/latex/tools/tabularx.sty
Package: tabularx 2023/07/08 v2.11c `tabularx' package (DPC)

(/usr/share/texmf-dist/tex/latex/tools/array.sty
Package: array 2023/10/16 v2.5g Tabular extension package (FMi)
\col@sep=\dimen311
\ar@mcellbox=\box124
\extrarowheight=\dimen312
\NC@list=\toks45
\extratabsurround=\skip117
\backup@length=\skip118
\ar@cellbox=\box125
)
\TX@col@width=\dimen313
\TX@old@table=\dimen314
\TX@old@col=\dimen315
\TX@target=\dimen316
\TX@delta=\dimen317
\TX@cols=\count486
\TX@ftn=\toks46
)
(/usr/share/texmf-dist/tex/latex/colortbl/colortbl.sty
Package: colortbl 2024/02/20 v1.0g Color table columns (DPC)
\everycr=\toks47
\minrowclearance=\skip119
\rownum=\count487
)
(/usr/share/texmf-dist/tex/latex/caption/subcaption.sty
Package: subcaption 2023/07/28 v1.6b Sub-captions (AR)
LaTeX Info: Redefining \subref on input line 189.
Package subcaption Info: The counter `subfigure' was already defined by
(subcaption)             an unknown document class or package on input line 238
.
Package subcaption Info: The counter `subtable' was already defined by
(subcaption)             an unknown document class or package on input line 238
.
)
(/usr/share/texmf-dist/tex/latex/base/fontenc.sty
Package: fontenc 2021/04/29 v2.0v Standard LaTeX package
LaTeX Font Info:    Trying to load font information for T1+lmr on input line 11
2.

(/usr/share/texmf-dist/tex/latex/lm/t1lmr.fd
File: t1lmr.fd 2015/05/01 v1.6.1 Font defs for Latin Modern
))
(/usr/share/texmf-dist/tex/generic/pgf/frontendlayer/tikz/libraries/tikzlibrary
shapes.geometric.code.tex
File: tikzlibraryshapes.geometric.code.tex 2023-01-15 v3.1.10 (3.1.10)

(/usr/share/texmf-dist/tex/generic/pgf/libraries/shapes/pgflibraryshapes.geomet
ric.code.tex
File: pgflibraryshapes.geometric.code.tex 2023-01-15 v3.1.10 (3.1.10)
))
(/usr/share/texmf-dist/tex/generic/pgf/frontendlayer/tikz/libraries/tikzlibrary
arrows.code.tex
File: tikzlibraryarrows.code.tex 2023-01-15 v3.1.10 (3.1.10)

(/usr/share/texmf-dist/tex/generic/pgf/libraries/pgflibraryarrows.code.tex
File: pgflibraryarrows.code.tex 2023-01-15 v3.1.10 (3.1.10)
\arrowsize=\dimen318
))
\@nomenclaturefile=\write5
\openout5 = `Thesis.nlo'.

Package nomencl Info: Writing nomenclature file Thesis.nlo on input line 87.

(/usr/share/texmf-dist/tex/latex/adjustbox/adjustbox.sty
Package: adjustbox 2022/10/17 v1.3a Adjusting TeX boxes (trim, clip, ...)

(/usr/share/texmf-dist/tex/latex/adjustbox/adjcalc.sty
Package: adjcalc 2012/05/16 v1.1 Provides advanced setlength with multiple back
-ends (calc, etex, pgfmath)
)
(/usr/share/texmf-dist/tex/latex/adjustbox/trimclip.sty
Package: trimclip 2020/08/19 v1.2 Trim and clip general TeX material

(/usr/share/texmf-dist/tex/latex/collectbox/collectbox.sty
Package: collectbox 2022/10/17 v0.4c Collect macro arguments as boxes
\collectedbox=\box126
)
\tc@llx=\dimen319
\tc@lly=\dimen320
\tc@urx=\dimen321
\tc@ury=\dimen322
Package trimclip Info: Using driver 'tc-pdftex.def'.

(/usr/share/texmf-dist/tex/latex/adjustbox/tc-pdftex.def
File: tc-pdftex.def 2019/01/04 v2.2 Clipping driver for pdftex
))
\adjbox@Width=\dimen323
\adjbox@Height=\dimen324
\adjbox@Depth=\dimen325
\adjbox@Totalheight=\dimen326
\adjbox@pwidth=\dimen327
\adjbox@pheight=\dimen328
\adjbox@pdepth=\dimen329
\adjbox@ptotalheight=\dimen330

(/usr/share/texmf-dist/tex/latex/varwidth/varwidth.sty
Package: varwidth 2009/03/30 ver 0.92;  Variable-width minipages
\@vwid@box=\box127
\sift@deathcycles=\count488
\@vwid@loff=\dimen331
\@vwid@roff=\dimen332
))
\c@anexofignum=\count489
Package biblatex Info: Redefining '\cite' on input line 119.
Package csquotes Info: Checking for multilingual support...
Package csquotes Info: ... found 'babel' package.
Package csquotes Info: Adjusting default style.
Package csquotes Info: Redefining alias 'default' -> 'spanish'.
 (./Thesis.aux
LaTeX Info: Redefining \. on input line 13.
LaTeX Info: Redefining \% on input line 13.

(./FrontMatter/Dedication.aux) (./FrontMatter/Thanks.aux)
(./FrontMatter/SupervisorOpinion.aux) (./FrontMatter/Abstract.aux)
(./FrontMatter/Contents.aux) (./MainMatter/Introduction.aux)
(./MainMatter/Background.aux) (./MainMatter/Proposal.aux)
(./MainMatter/Implementation.aux) (./MainMatter/Validation.aux)
(./BackMatter/Conclusions.aux) (./BackMatter/Recomendations.aux)
(./BackMatter/Bibliography.aux) (./BackMatter/Anexos.aux))
\openout1 = `Thesis.aux'.

LaTeX Font Info:    Checking defaults for OML/cmm/m/it on input line 126.
LaTeX Font Info:    ... okay on input line 126.
LaTeX Font Info:    Checking defaults for OMS/cmsy/m/n on input line 126.
LaTeX Font Info:    ... okay on input line 126.
LaTeX Font Info:    Checking defaults for OT1/cmr/m/n on input line 126.
LaTeX Font Info:    ... okay on input line 126.
LaTeX Font Info:    Checking defaults for T1/cmr/m/n on input line 126.
LaTeX Font Info:    ... okay on input line 126.
LaTeX Font Info:    Checking defaults for TS1/cmr/m/n on input line 126.
LaTeX Font Info:    ... okay on input line 126.
LaTeX Font Info:    Checking defaults for OMX/cmex/m/n on input line 126.
LaTeX Font Info:    ... okay on input line 126.
LaTeX Font Info:    Checking defaults for U/cmr/m/n on input line 126.
LaTeX Font Info:    ... okay on input line 126.
LaTeX Font Info:    Checking defaults for PD1/pdf/m/n on input line 126.
LaTeX Font Info:    ... okay on input line 126.
LaTeX Font Info:    Checking defaults for PU/pdf/m/n on input line 126.
LaTeX Font Info:    ... okay on input line 126.
LaTeX Info: Redefining \. on input line 126.
LaTeX Info: Redefining \% on input line 126.
Package tocbasic Info: usage of `tocbibind' detected on input line 126.

(/usr/share/texmf-dist/tex/context/base/mkii/supp-pdf.mkii
[Loading MPS to PDF converter (version 2006.09.02).]
\scratchcounter=\count490
\scratchdimen=\dimen333
\scratchbox=\box128
\nofMPsegments=\count491
\nofMParguments=\count492
\everyMPshowfont=\toks48
\MPscratchCnt=\count493
\MPscratchDim=\dimen334
\MPnumerator=\count494
\makeMPintoPDFobject=\count495
\everyMPtoPDFconversion=\toks49
) (/usr/share/texmf-dist/tex/latex/epstopdf-pkg/epstopdf-base.sty
Package: epstopdf-base 2020-01-24 v2.11 Base part for package epstopdf
Package epstopdf-base Info: Redefining graphics rule for `.eps' on input line 4
85.

(/usr/share/texmf-dist/tex/latex/latexconfig/epstopdf-sys.cfg
File: epstopdf-sys.cfg 2010/07/13 v1.3 Configuration of (r)epstopdf for TeX Liv
e
))
Package biblatex Info: Trying to load language 'spanish'...
Package biblatex Info: ... file 'spanish.lbx' found.

(/usr/share/texmf-dist/tex/latex/biblatex/lbx/spanish.lbx
File: spanish.lbx 2023/03/05 v3.19 biblatex localization (PK/MW)
)
Package biblatex Info: Input encoding 'utf8' detected.
Package biblatex Info: Automatic encoding selection.
(biblatex)             Assuming data encoding 'utf8'.
\openout3 = `Thesis.bcf'.

Package biblatex Info: Trying to load bibliographic data...
Package biblatex Info: ... file 'Thesis.bbl' found.
 (./Thesis.bbl)
Package biblatex Info: Reference section=0 on input line 126.
Package biblatex Info: Reference segment=0 on input line 126.
Package hyperref Info: Link coloring ON on input line 126.

(./Thesis.out) (./Thesis.out)
\@outlinefile=\write6
\openout6 = `Thesis.out'.

Package caption Info: Begin \AtBeginDocument code.
Package caption Info: float package is loaded.
Package caption Info: listings package is loaded.
Package caption Info: End \AtBeginDocument code.
\c@lstlisting=\count496
Package tocbasic Info: setting babel extension for `lol' on input line 126.
<Graphics/uhlogo.pdf, id=224, 375.98297pt x 481.67456pt>
File: Graphics/uhlogo.pdf Graphic file (type pdf)
<use Graphics/uhlogo.pdf>
Package pdftex.def Info: Graphics/uhlogo.pdf  used on input line 129.
(pdftex.def)             Requested size: 49.79231pt x 63.7885pt.
 [1

{/var/lib/texmf/fonts/map/pdftex/updmap/pdftex.map}{/usr/share/texmf-dist/fonts
/enc/dvips/lm/lm-ec.enc} <./Graphics/uhlogo.pdf>]
\openout2 = `FrontMatter/Dedication.aux'.

 (./FrontMatter/Dedication.tex) [2


]
\openout2 = `FrontMatter/Thanks.aux'.

 (./FrontMatter/Thanks.tex) [3




]
\openout2 = `FrontMatter/SupervisorOpinion.aux'.


(./FrontMatter/SupervisorOpinion.tex
Underfull \hbox (badness 10000) in paragraph at lines 7--8

 []

[4




]) [5]
\openout2 = `FrontMatter/Abstract.aux'.

 (./FrontMatter/Abstract.tex [6




]) [7

]
\openout2 = `FrontMatter/Contents.aux'.

 (./FrontMatter/Contents.tex
(./Thesis.toc
LaTeX Info: Redefining \sptext on input line 1.
LaTeX Info: Redefining \. on input line 1.
LaTeX Info: Redefining \% on input line 1.
LaTeX Font Info:    Trying to load font information for OT1+lmr on input line 4
.
 (/usr/share/texmf-dist/tex/latex/lm/ot1lmr.fd
File: ot1lmr.fd 2015/05/01 v1.6.1 Font defs for Latin Modern
)
LaTeX Font Info:    Trying to load font information for OML+lmm on input line 4
.

(/usr/share/texmf-dist/tex/latex/lm/omllmm.fd
File: omllmm.fd 2015/05/01 v1.6.1 Font defs for Latin Modern
)
LaTeX Font Info:    Trying to load font information for OMS+lmsy on input line 
4.

(/usr/share/texmf-dist/tex/latex/lm/omslmsy.fd
File: omslmsy.fd 2015/05/01 v1.6.1 Font defs for Latin Modern
)
LaTeX Font Info:    Trying to load font information for OMX+lmex on input line 
4.

(/usr/share/texmf-dist/tex/latex/lm/omxlmex.fd
File: omxlmex.fd 2015/05/01 v1.6.1 Font defs for Latin Modern
)
LaTeX Font Info:    External font `lmex10' loaded for size
(Font)              <12> on input line 4.
LaTeX Font Info:    External font `lmex10' loaded for size
(Font)              <9> on input line 4.
LaTeX Font Info:    External font `lmex10' loaded for size
(Font)              <7> on input line 4.
LaTeX Font Info:    Trying to load font information for OT1+ptm on input line 4
.

(/usr/share/texmf-dist/tex/latex/psnfss/ot1ptm.fd
File: ot1ptm.fd 2001/06/04 font definitions for OT1/ptm.
)
LaTeX Font Info:    Font shape `OT1/ptm/bx/n' in size <12> not available
(Font)              Font shape `OT1/ptm/b/n' tried instead on input line 4.
LaTeX Font Info:    Font shape `OT1/ptm/bx/n' in size <9> not available
(Font)              Font shape `OT1/ptm/b/n' tried instead on input line 4.
LaTeX Font Info:    Font shape `OT1/ptm/bx/n' in size <7> not available
(Font)              Font shape `OT1/ptm/b/n' tried instead on input line 4.
 [8




{/usr/share/texmf-dist/fonts/enc/dvips/lm/lm-mathit.enc}])
\tf@toc=\write7
\openout7 = `Thesis.toc'.

 [9] (./Thesis.lof
LaTeX Info: Redefining \sptext on input line 1.
LaTeX Info: Redefining \. on input line 1.
LaTeX Info: Redefining \% on input line 1.
 [10

{/usr/share/texmf-dist/fonts/enc/dvips/lm/lm-mathsy.enc}])
\tf@lof=\write8
\openout8 = `Thesis.lof'.

 [11] (./Thesis.lol
LaTeX Info: Redefining \sptext on input line 1.
LaTeX Info: Redefining \. on input line 1.
LaTeX Info: Redefining \% on input line 1.
)
\tf@lol=\write9
\openout9 = `Thesis.lol'.

) [12

]
\openout2 = `MainMatter/Introduction.aux'.


(./MainMatter/Introduction.tex [1





] [2] [3]
Underfull \hbox (badness 10000) in paragraph at lines 59--60

 []

) [4]
\openout2 = `MainMatter/Background.aux'.

 (./MainMatter/Background.tex
Cap\'{\i }tulo 1.
[5




]
LaTeX Info: Redefining \. on input line 27.
LaTeX Info: Redefining \% on input line 27.
 [6]
LaTeX Info: Redefining \. on input line 55.
LaTeX Info: Redefining \% on input line 55.
 [7]
<passpoints.jpg, id=567, 251.94125pt x 185.69376pt>
File: passpoints.jpg Graphic file (type jpg)
<use passpoints.jpg>
Package pdftex.def Info: passpoints.jpg  used on input line 76.
(pdftex.def)             Requested size: 242.82706pt x 178.978pt.
LaTeX Info: Redefining \. on input line 83.
LaTeX Info: Redefining \% on input line 83.
 [8 <./passpoints.jpg>]
LaTeX Info: Redefining \. on input line 104.
LaTeX Info: Redefining \% on input line 104.
 [9]
LaTeX Info: Redefining \. on input line 120.
LaTeX Info: Redefining \% on input line 120.
 [10{/usr/share/texmf-dist/fonts/enc/dvips/lm/lm-rm.enc}]
<punto-r-seguro.png, id=628, 819.06pt x 434.62375pt>
File: punto-r-seguro.png Graphic file (type png)
<use punto-r-seguro.png>
Package pdftex.def Info: punto-r-seguro.png  used on input line 126.
(pdftex.def)             Requested size: 216.81pt x 115.04874pt.
LaTeX Info: Redefining \. on input line 139.
LaTeX Info: Redefining \% on input line 139.
 [11 <./punto-r-seguro.png>]
<image4.jpg, id=646, 366.36874pt x 344.28625pt>
File: image4.jpg Graphic file (type jpg)
<use image4.jpg>
Package pdftex.def Info: image4.jpg  used on input line 145.
(pdftex.def)             Requested size: 108.405pt x 101.86826pt.
<image2.png, id=647, 466.74374pt x 421.575pt>
File: image2.png Graphic file (type png)
<use image2.png>
Package pdftex.def Info: image2.png  used on input line 146.
(pdftex.def)             Requested size: 117.07924pt x 105.74728pt.
<image3.png, id=648, 466.74374pt x 421.575pt>
File: image3.png Graphic file (type png)
<use image3.png>
Package pdftex.def Info: image3.png  used on input line 147.
(pdftex.def)             Requested size: 121.41306pt x 109.65837pt.
LaTeX Info: Redefining \. on input line 154.
LaTeX Info: Redefining \% on input line 154.
 [12 <./image4.jpg> <./image2.png> <./image3.png>]
<image5.png, id=660, 971.63pt x 204.765pt>
File: image5.png Graphic file (type png)
<use image5.png>
Package pdftex.def Info: image5.png  used on input line 173.
(pdftex.def)             Requested size: 390.25534pt x 82.24197pt.
LaTeX Info: Redefining \. on input line 183.
LaTeX Info: Redefining \% on input line 183.
 [13{/usr/share/texmf-dist/fonts/enc/dvips/lm/lm-mathex.enc} <./image5.png>]
LaTeX Info: Redefining \. on input line 215.
LaTeX Info: Redefining \% on input line 215.
 [14])
LaTeX Info: Redefining \. on input line 140.
LaTeX Info: Redefining \% on input line 140.
 [15]
\openout2 = `MainMatter/Proposal.aux'.

 (./MainMatter/Proposal.tex
Cap\'{\i }tulo 2.
[16




]

LaTeX Warning: `h' float specifier changed to `ht'.

LaTeX Info: Redefining \. on input line 86.
LaTeX Info: Redefining \% on input line 86.
[17]
LaTeX Info: Redefining \. on input line 86.
LaTeX Info: Redefining \% on input line 86.
 [18]
Overfull \hbox (17.49243pt too wide) in paragraph at lines 123--124
[][] 
 []


Overfull \hbox (64.82736pt too wide) in paragraph at lines 154--155
[][] 
 []

LaTeX Info: Redefining \. on input line 165.
LaTeX Info: Redefining \% on input line 165.
[19])
LaTeX Info: Redefining \. on input line 141.
LaTeX Info: Redefining \% on input line 141.
 [20]
\openout2 = `MainMatter/Implementation.aux'.

 (./MainMatter/Implementation.tex
Cap\'{\i }tulo 3.
[21




]
Overfull \hbox (5.59383pt too wide) in paragraph at lines 24--24
[]|\T1/lmr/bx/n/12 Tecnologa| 
 []


Overfull \hbox (5.42639pt too wide) in paragraph at lines 27--27
[]|\T1/lmr/m/n/12 Presentacin| 
 []


Underfull \hbox (badness 3635) in paragraph at lines 28--28
\T1/lmr/m/n/12 rio, ma-ne-jar even-tos del
 []


Underfull \hbox (badness 10000) in paragraph at lines 29--30
[]|\T1/lmr/m/n/12 Componentes Reac-ti-vos,
 []


Underfull \hbox (badness 2269) in paragraph at lines 33--33
[]|\T1/lmr/m/n/12 Proveer ser-vi-cios bac-kend
 []


Underfull \hbox (badness 7796) in paragraph at lines 34--35
\T1/lmr/m/n/12 con-sul-tas a Post-greSQL,
 []


Overfull \hbox (0.92209pt too wide) in paragraph at lines 37--37
[]|\T1/lmr/m/n/12 Persistencia| 
 []


Overfull \hbox (4.5164pt too wide) in paragraph at lines 37--37
[]|\T1/lmr/m/n/12 PostgreSQL| 
 []


Underfull \hbox (badness 10000) in paragraph at lines 38--38
[]|\T1/lmr/m/n/12 Almacenamiento tran-sac-
 []


Underfull \hbox (badness 6542) in paragraph at lines 38--38
\T1/lmr/m/n/12 cio-nal, ga-ran-ti-zar ACID,
 []


Underfull \hbox (badness 2443) in paragraph at lines 39--40
[]|\T1/lmr/m/n/12 Tabla de usua-rios, re-gis-
 []


Overfull \hbox (17.56398pt too wide) in paragraph at lines 21--42
 [][] 
 []

<Graphics/disney.jpeg, id=741, 737.75626pt x 491.8375pt>
File: Graphics/disney.jpeg Graphic file (type jpg)
<use Graphics/disney.jpeg>
Package pdftex.def Info: Graphics/disney.jpeg  used on input line 57.
(pdftex.def)             Requested size: 130.08731pt x 86.71826pt.
<Graphics/cars.jpeg, id=742, 381.39127pt x 215.59538pt>
File: Graphics/cars.jpeg Graphic file (type jpg)
<use Graphics/cars.jpeg>
Package pdftex.def Info: Graphics/cars.jpeg  used on input line 63.
(pdftex.def)             Requested size: 130.08731pt x 73.53831pt.
<Graphics/japan.jpg, id=743, 1254.6875pt x 877.2775pt>
File: Graphics/japan.jpg Graphic file (type jpg)
<use Graphics/japan.jpg>
Package pdftex.def Info: Graphics/japan.jpg  used on input line 69.
(pdftex.def)             Requested size: 130.08731pt x 90.94556pt.
LaTeX Info: Redefining \. on input line 99.
LaTeX Info: Redefining \% on input line 99.
[22] (/usr/share/texmf-dist/tex/latex/listings/lstlang1.sty
File: lstlang1.sty 2024/02/21 1.10 listings language file
)
LaTeX Font Info:    Trying to load font information for T1+lmtt on input line 1
01.

(/usr/share/texmf-dist/tex/latex/lm/t1lmtt.fd
File: t1lmtt.fd 2015/05/01 v1.6.1 Font defs for Latin Modern
)
LaTeX Info: Redefining \. on input line 123.
LaTeX Info: Redefining \% on input line 123.
 [23 <./Graphics/disney.jpeg> <./Graphics/cars.jpeg> <./Graphics/japan.jpg>]
LaTeX Info: Redefining \. on input line 154.
LaTeX Info: Redefining \% on input line 154.
 [24]
LaTeX Info: Redefining \. on input line 205.
LaTeX Info: Redefining \% on input line 205.
 [25]
LaTeX Info: Redefining \. on input line 257.
LaTeX Info: Redefining \% on input line 257.
 [26])
LaTeX Info: Redefining \. on input line 142.
LaTeX Info: Redefining \% on input line 142.
 [27]
\openout2 = `MainMatter/Validation.aux'.


(./MainMatter/Validation.tex
Cap\'{\i }tulo 4.
[28




]
<Graphics/bordes_disney.jpg, id=822, 737.75626pt x 491.8375pt>
File: Graphics/bordes_disney.jpg Graphic file (type jpg)
<use Graphics/bordes_disney.jpg>
Package pdftex.def Info: Graphics/bordes_disney.jpg  used on input line 62.
(pdftex.def)             Requested size: 130.08731pt x 86.71826pt.
<Graphics/bordes_cars.jpg, id=823, 630.355pt x 356.33125pt>
File: Graphics/bordes_cars.jpg Graphic file (type jpg)
<use Graphics/bordes_cars.jpg>
Package pdftex.def Info: Graphics/bordes_cars.jpg  used on input line 68.
(pdftex.def)             Requested size: 130.08731pt x 73.53772pt.
<Graphics/bordes_japan.jpg, id=824, 1254.6875pt x 877.2775pt>
File: Graphics/bordes_japan.jpg Graphic file (type jpg)
<use Graphics/bordes_japan.jpg>
Package pdftex.def Info: Graphics/bordes_japan.jpg  used on input line 74.
(pdftex.def)             Requested size: 130.08731pt x 90.94556pt.
LaTeX Info: Redefining \. on input line 80.
LaTeX Info: Redefining \% on input line 80.
 [29]
<Graphics/disney-segmented.jpg, id=832, 737.75626pt x 491.8375pt>
File: Graphics/disney-segmented.jpg Graphic file (type jpg)
<use Graphics/disney-segmented.jpg>
Package pdftex.def Info: Graphics/disney-segmented.jpg  used on input line 89.
(pdftex.def)             Requested size: 130.08731pt x 86.71826pt.
<Graphics/cars-segmented.jpg, id=833, 630.355pt x 356.33125pt>
File: Graphics/cars-segmented.jpg Graphic file (type jpg)
<use Graphics/cars-segmented.jpg>
Package pdftex.def Info: Graphics/cars-segmented.jpg  used on input line 95.
(pdftex.def)             Requested size: 130.08731pt x 73.53772pt.
<Graphics/japan-segmented.jpg, id=834, 1254.6875pt x 877.2775pt>
File: Graphics/japan-segmented.jpg Graphic file (type jpg)
<use Graphics/japan-segmented.jpg>
Package pdftex.def Info: Graphics/japan-segmented.jpg  used on input line 101.
(pdftex.def)             Requested size: 130.08731pt x 90.94556pt.
LaTeX Info: Redefining \. on input line 110.
LaTeX Info: Redefining \% on input line 110.
 [30 <./Graphics/bordes_disney.jpg> <./Graphics/bordes_cars.jpg> <./Graphics/bo
rdes_japan.jpg> <./Graphics/disney-segmented.jpg> <./Graphics/cars-segmented.jp
g> <./Graphics/japan-segmented.jpg>]
<Graphics/disney-saliency.jpg, id=843, 737.75626pt x 491.8375pt>
File: Graphics/disney-saliency.jpg Graphic file (type jpg)
<use Graphics/disney-saliency.jpg>
Package pdftex.def Info: Graphics/disney-saliency.jpg  used on input line 115.
(pdftex.def)             Requested size: 130.08731pt x 86.71826pt.
<Graphics/cars-saliency.jpg, id=844, 630.355pt x 356.33125pt>
File: Graphics/cars-saliency.jpg Graphic file (type jpg)
<use Graphics/cars-saliency.jpg>
Package pdftex.def Info: Graphics/cars-saliency.jpg  used on input line 121.
(pdftex.def)             Requested size: 130.08731pt x 73.53772pt.
<Graphics/japan-saliency.jpg, id=845, 1254.6875pt x 877.2775pt>
File: Graphics/japan-saliency.jpg Graphic file (type jpg)
<use Graphics/japan-saliency.jpg>
Package pdftex.def Info: Graphics/japan-saliency.jpg  used on input line 127.
(pdftex.def)             Requested size: 130.08731pt x 90.94556pt.
<Graphics/disney-selected-regions.jpg, id=846, 737.75626pt x 491.8375pt>
File: Graphics/disney-selected-regions.jpg Graphic file (type jpg)
<use Graphics/disney-selected-regions.jpg>
Package pdftex.def Info: Graphics/disney-selected-regions.jpg  used on input li
ne 138.
(pdftex.def)             Requested size: 130.08731pt x 86.71826pt.
<Graphics/cars-selected-regions.jpg, id=847, 630.355pt x 356.33125pt>
File: Graphics/cars-selected-regions.jpg Graphic file (type jpg)
<use Graphics/cars-selected-regions.jpg>
Package pdftex.def Info: Graphics/cars-selected-regions.jpg  used on input line
 144.
(pdftex.def)             Requested size: 130.08731pt x 73.53772pt.
<Graphics/japan-selected-regions.jpg, id=848, 1254.6875pt x 877.2775pt>
File: Graphics/japan-selected-regions.jpg Graphic file (type jpg)
<use Graphics/japan-selected-regions.jpg>
Package pdftex.def Info: Graphics/japan-selected-regions.jpg  used on input lin
e 150.
(pdftex.def)             Requested size: 130.08731pt x 90.94556pt.
LaTeX Info: Redefining \. on input line 173.
LaTeX Info: Redefining \% on input line 173.
 [31 <./Graphics/disney-saliency.jpg> <./Graphics/cars-saliency.jpg> <./Graphic
s/japan-saliency.jpg> <./Graphics/disney-selected-regions.jpg> <./Graphics/cars
-selected-regions.jpg> <./Graphics/japan-selected-regions.jpg>]
<Graphics/disney-cluster-graph.png, id=862, 476.982pt x 377.2494pt>
File: Graphics/disney-cluster-graph.png Graphic file (type png)
<use Graphics/disney-cluster-graph.png>
Package pdftex.def Info: Graphics/disney-cluster-graph.png  used on input line 
208.
(pdftex.def)             Requested size: 99.58464pt x 78.75844pt.
<Graphics/cars-cluster-graph.png, id=863, 476.982pt x 377.2494pt>
File: Graphics/cars-cluster-graph.png Graphic file (type png)
<use Graphics/cars-cluster-graph.png>
Package pdftex.def Info: Graphics/cars-cluster-graph.png  used on input line 20
9.
(pdftex.def)             Requested size: 99.58464pt x 78.75844pt.
<Graphics/japan-cluster-graph.png, id=864, 476.982pt x 377.2494pt>
File: Graphics/japan-cluster-graph.png Graphic file (type png)
<use Graphics/japan-cluster-graph.png>
Package pdftex.def Info: Graphics/japan-cluster-graph.png  used on input line 2
10.
(pdftex.def)             Requested size: 99.58464pt x 78.75844pt.
<Graphics/disney-corner-graph.png, id=865, 476.982pt x 377.2494pt>
File: Graphics/disney-corner-graph.png Graphic file (type png)
<use Graphics/disney-corner-graph.png>
Package pdftex.def Info: Graphics/disney-corner-graph.png  used on input line 2
11.
(pdftex.def)             Requested size: 99.58464pt x 78.75844pt.
<Graphics/cars-corner-graph.png, id=866, 476.982pt x 377.2494pt>
File: Graphics/cars-corner-graph.png Graphic file (type png)
<use Graphics/cars-corner-graph.png>
Package pdftex.def Info: Graphics/cars-corner-graph.png  used on input line 212
.
(pdftex.def)             Requested size: 99.58464pt x 78.75844pt.
<Graphics/japan-corner-graph.png, id=867, 476.982pt x 377.2494pt>
File: Graphics/japan-corner-graph.png Graphic file (type png)
<use Graphics/japan-corner-graph.png>
Package pdftex.def Info: Graphics/japan-corner-graph.png  used on input line 21
3.
(pdftex.def)             Requested size: 99.58464pt x 78.75844pt.
<Graphics/disney-saliency-graph.png, id=868, 476.982pt x 377.2494pt>
File: Graphics/disney-saliency-graph.png Graphic file (type png)
<use Graphics/disney-saliency-graph.png>
Package pdftex.def Info: Graphics/disney-saliency-graph.png  used on input line
 214.
(pdftex.def)             Requested size: 99.58464pt x 78.75844pt.
<Graphics/cars-saliency-graph.png, id=869, 476.982pt x 377.2494pt>
File: Graphics/cars-saliency-graph.png Graphic file (type png)
<use Graphics/cars-saliency-graph.png>
Package pdftex.def Info: Graphics/cars-saliency-graph.png  used on input line 2
15.
(pdftex.def)             Requested size: 99.58464pt x 78.75844pt.
<Graphics/japan-saliency-graph.png, id=870, 476.982pt x 377.2494pt>
File: Graphics/japan-saliency-graph.png Graphic file (type png)
<use Graphics/japan-saliency-graph.png>
Package pdftex.def Info: Graphics/japan-saliency-graph.png  used on input line 
216.
(pdftex.def)             Requested size: 99.58464pt x 78.75844pt.
LaTeX Info: Redefining \. on input line 221.
LaTeX Info: Redefining \% on input line 221.
 [32]

LaTeX Warning: Reference `attack' on page 33 undefined on input line 242.

(/usr/share/texmf-dist/tex/latex/listings/lstlang1.sty
File: lstlang1.sty 2024/02/21 1.10 listings language file
)
LaTeX Info: Redefining \. on input line 244.
LaTeX Info: Redefining \% on input line 244.
 [33 <./Graphics/disney-cluster-graph.png> <./Graphics/cars-cluster-graph.png> 
<./Graphics/japan-cluster-graph.png> <./Graphics/disney-corner-graph.png> <./Gr
aphics/cars-corner-graph.png> <./Graphics/japan-corner-graph.png> <./Graphics/d
isney-saliency-graph.png> <./Graphics/cars-saliency-graph.png> <./Graphics/japa
n-saliency-graph.png>]
LaTeX Info: Redefining \. on input line 267.
LaTeX Info: Redefining \% on input line 267.

[34]
LaTeX Info: Redefining \. on input line 315.
LaTeX Info: Redefining \% on input line 315.
 [35

])
\openout2 = `BackMatter/Conclusions.aux'.

 (./BackMatter/Conclusions.tex) [36





]
\openout2 = `BackMatter/Recomendations.aux'.

 (./BackMatter/Recomendations.tex) [37





]
\openout2 = `BackMatter/Bibliography.aux'.

 (./BackMatter/Bibliography.tex
Overfull \hbox (36.62729pt too wide) in paragraph at lines 1--1
[]\T1/lmr/m/n/12 Klaas Apos-tol. ^^S  Brute-force At-tack^^T. En: 2012. \T1/lmr
/m/sc/12 url\T1/lmr/m/n/12 : [][]$\T1/lmtt/m/n/12 https : / / api . semanticsch
olar .
 []

[38




]
Overfull \hbox (1.37721pt too wide) in paragraph at lines 1--1
\T1/lmr/m/n/12 authen-ti-ca-tion using cued click points^^T. En: \T1/lmr/m/it/1
2 Com-pu-ter Security--ESORICS 2007:
 []

[39] [40] [41] [42]) [43]
\openout2 = `BackMatter/Anexos.aux'.

 (./BackMatter/Anexos.tex
<Deja-Vu.jpg, id=1133, 765.86125pt x 641.39626pt>
File: Deja-Vu.jpg Graphic file (type jpg)
<use Deja-Vu.jpg>
Package pdftex.def Info: Deja-Vu.jpg  used on input line 8.
(pdftex.def)             Requested size: 216.81pt x 181.56668pt.
<3.jpg, id=1136, 100.87688pt x 122.70844pt>
File: 3.jpg Graphic file (type jpg)
<use 3.jpg>
Package pdftex.def Info: 3.jpg  used on input line 16.
(pdftex.def)             Requested size: 130.08731pt x 158.2421pt.
<0.png, id=1139, 249.93375pt x 290.08376pt>
File: 0.png Graphic file (type png)
<use 0.png>
Package pdftex.def Info: 0.png  used on input line 25.
(pdftex.def)             Requested size: 151.76633pt x 176.15408pt.
<1.png, id=1140, 249.93375pt x 290.08376pt>
File: 1.png Graphic file (type png)
<use 1.png>
Package pdftex.def Info: 1.png  used on input line 30.
(pdftex.def)             Requested size: 151.76633pt x 176.15408pt.
 [44





 <./Deja-Vu.jpg> <./3.jpg>]
<13.jpg, id=1149, 304.13625pt x 252.945pt>
File: 13.jpg Graphic file (type jpg)
<use 13.jpg>
Package pdftex.def Info: 13.jpg  used on input line 40.
(pdftex.def)             Requested size: 216.81pt x 180.32167pt.
<9.jpg, id=1150, 139.27031pt x 264.23718pt>
File: 9.jpg Graphic file (type jpg)
<use 9.jpg>
Package pdftex.def Info: 9.jpg  used on input line 45.
(pdftex.def)             Requested size: 108.405pt x 205.6808pt.
<mouse.png, id=1153, 218.8175pt x 195.73125pt>
File: mouse.png Graphic file (type png)
<use mouse.png>
Package pdftex.def Info: mouse.png  used on input line 56.
(pdftex.def)             Requested size: 151.76633pt x 135.75655pt.
<stylus.png, id=1156, 165.61874pt x 146.5475pt>
File: stylus.png Graphic file (type png)
<use stylus.png>
Package pdftex.def Info: stylus.png  used on input line 63.
(pdftex.def)             Requested size: 151.76633pt x 134.29535pt.
<polinomial.png, id=1159, 551.05875pt x 491.8375pt>
File: polinomial.png Graphic file (type png)
<use polinomial.png>
Package pdftex.def Info: polinomial.png  used on input line 71.
(pdftex.def)             Requested size: 187.32089pt x 167.1925pt.
<b-spline.png, id=1162, 550.055pt x 492.84125pt>
File: b-spline.png Graphic file (type png)
<use b-spline.png>
Package pdftex.def Info: b-spline.png  used on input line 78.
(pdftex.def)             Requested size: 187.32089pt x 167.83452pt.
 [45 <./0.png (PNG copy)> <./1.png (PNG copy)> <./13.jpg> <./9.jpg>]
<semantoc-psw-2.png, id=1172, 542.025pt x 610.28pt>
File: semantoc-psw-2.png Graphic file (type png)
<use semantoc-psw-2.png>
Package pdftex.def Info: semantoc-psw-2.png  used on input line 93.
(pdftex.def)             Requested size: 173.44865pt x 195.28427pt.
<semantic-psww1.jpg, id=1173, 792.71156pt x 508.14844pt>
File: semantic-psww1.jpg Graphic file (type jpg)
<use semantic-psww1.jpg>
Package pdftex.def Info: semantic-psww1.jpg  used on input line 99.
(pdftex.def)             Requested size: 173.44865pt x 111.18045pt.
 [46 <./mouse.png (PNG copy)> <./stylus.png (PNG copy)> <./polinomial.png (PNG 
copy)> <./b-spline.png (PNG copy)>]
<pass-positions.png, id=1180, 277.035pt x 176.66pt>
File: pass-positions.png Graphic file (type png)
<use pass-positions.png>
Package pdftex.def Info: pass-positions.png  used on input line 109.
(pdftex.def)             Requested size: 346.89731pt x 221.20992pt.
<pass maps2.jpg, id=1183, 881.2925pt x 332.24126pt>
File: pass maps2.jpg Graphic file (type jpg)
<use pass maps2.jpg>
Package pdftex.def Info: pass maps2.jpg  used on input line 117.
(pdftex.def)             Requested size: 216.81pt x 81.73187pt.
 [47 <./semantoc-psw-2.png (PNG copy)> <./semantic-psww1.jpg> <./pass-positions
.png (PNG copy)>]
<passgo1.png, id=1191, 225.84375pt x 222.8325pt>
File: passgo1.png Graphic file (type png)
<use passgo1.png>
Package pdftex.def Info: passgo1.png  used on input line 125.
(pdftex.def)             Requested size: 173.44534pt x 171.14293pt.
<passgo2.png, id=1192, 216.81pt x 217.81375pt>
File: passgo2.png Graphic file (type png)
<use passgo2.png>
Package pdftex.def Info: passgo2.png  used on input line 130.
(pdftex.def)             Requested size: 173.44534pt x 174.25786pt.
<passgo3.png, id=1193, 215.80624pt x 215.80624pt>
File: passgo3.png Graphic file (type png)
<use passgo3.png>
Package pdftex.def Info: passgo3.png  used on input line 136.
(pdftex.def)             Requested size: 173.44534pt x 173.45198pt.
<grapin-proceso.png, id=1196, 831.105pt x 643.40375pt>
File: grapin-proceso.png Graphic file (type png)
<use grapin-proceso.png>
Package pdftex.def Info: grapin-proceso.png  used on input line 147.
(pdftex.def)             Requested size: 260.17464pt x 201.41661pt.
<grapin-secret.jpg, id=1199, 540.0175pt x 396.48125pt>
File: grapin-secret.jpg Graphic file (type jpg)
<use grapin-secret.jpg>
Package pdftex.def Info: grapin-secret.jpg  used on input line 154.
(pdftex.def)             Requested size: 173.44534pt x 127.34242pt.
<grapin-position.jpg, id=1202, 761.84625pt x 385.44pt>
File: grapin-position.jpg Graphic file (type jpg)
<use grapin-position.jpg>
Package pdftex.def Info: grapin-position.jpg  used on input line 160.
(pdftex.def)             Requested size: 216.81pt x 109.68686pt.
<grapin-auth.jpg, id=1205, 560.0925pt x 399.4925pt>
File: grapin-auth.jpg Graphic file (type jpg)
<use grapin-auth.jpg>
Package pdftex.def Info: grapin-auth.jpg  used on input line 165.
(pdftex.def)             Requested size: 173.44534pt x 123.71338pt.
 [48 <./pass maps2.jpg> <./passgo1.png (PNG copy)> <./passgo2.png (PNG copy)> <
./passgo3.png (PNG copy)>]
Overfull \vbox (24.08492pt too high) has occurred while \output is active []


[49 <./grapin-proceso.png> <./grapin-secret.jpg> <./grapin-position.jpg> <./gra
pin-auth.jpg>]
<Graphics/capturas/registro-landscape.png, id=1221, 1865.97125pt x 953.5625pt>
File: Graphics/capturas/registro-landscape.png Graphic file (type png)
<use Graphics/capturas/registro-landscape.png>
Package pdftex.def Info: Graphics/capturas/registro-landscape.png  used on inpu
t line 183.
(pdftex.def)             Requested size: 208.13574pt x 106.36176pt.
<Graphics/capturas/fullscreen-password-selector.png, id=1222, 1864.9675pt x 948
.54375pt>
File: Graphics/capturas/fullscreen-password-selector.png Graphic file (type png
)
<use Graphics/capturas/fullscreen-password-selector.png>
Package pdftex.def Info: Graphics/capturas/fullscreen-password-selector.png  us
ed on input line 190.
(pdftex.def)             Requested size: 208.13574pt x 105.85986pt.
<Graphics/capturas/profile.png, id=1223, 1110.1475pt x 658.46pt>
File: Graphics/capturas/profile.png Graphic file (type png)
<use Graphics/capturas/profile.png>
Package pdftex.def Info: Graphics/capturas/profile.png  used on input line 203.

(pdftex.def)             Requested size: 208.13574pt x 123.4509pt.
<Graphics/capturas/notes.png, id=1224, 1116.17pt x 953.5625pt>
File: Graphics/capturas/notes.png Graphic file (type png)
<use Graphics/capturas/notes.png>
Package pdftex.def Info: Graphics/capturas/notes.png  used on input line 210.
(pdftex.def)             Requested size: 208.12323pt x 113.81145pt.
<Graphics/capturas/full-screen disney-password.png, id=1225, 1863.96375pt x 925
.4575pt>
File: Graphics/capturas/full-screen disney-password.png Graphic file (type png)

<use Graphics/capturas/full-screen disney-password.png>
Package pdftex.def Info: Graphics/capturas/full-screen disney-password.png  use
d on input line 220.
(pdftex.def)             Requested size: 260.17464pt x 129.16777pt.
<Graphics/capturas/password-mobile.png, id=1226, 532.99126pt x 950.55125pt>
File: Graphics/capturas/password-mobile.png Graphic file (type png)
<use Graphics/capturas/password-mobile.png>
Package pdftex.def Info: Graphics/capturas/password-mobile.png  used on input l
ine 226.
(pdftex.def)             Requested size: 65.03784pt x 142.25743pt.
<Graphics/capturas/cars-login-error-landscape.png, id=1227, 1869.98625pt x 947.
54pt>
File: Graphics/capturas/cars-login-error-landscape.png Graphic file (type png)
<use Graphics/capturas/cars-login-error-landscape.png>
Package pdftex.def Info: Graphics/capturas/cars-login-error-landscape.png  used
 on input line 239.
(pdftex.def)             Requested size: 260.17464pt x 131.83057pt.
<Graphics/capturas/login-error-mobile.png, id=1228, 500.87125pt x 948.54375pt>
File: Graphics/capturas/login-error-mobile.png Graphic file (type png)
<use Graphics/capturas/login-error-mobile.png>
Package pdftex.def Info: Graphics/capturas/login-error-mobile.png  used on inpu
t line 245.
(pdftex.def)             Requested size: 60.70572pt x 136.57281pt.


LaTeX Warning: Unexpected alignment hb on input line 247.


LaTeX Warning: Float too large for page by 73.01314pt on input line 253.

) [50 <./Graphics/capturas/registro-landscape.png> <./Graphics/capturas/fullscr
een-password-selector.png> <./Graphics/capturas/profile.png> <./Graphics/captur
as/notes.png> <./Graphics/capturas/full-screen disney-password.png> <./Graphics
/capturas/password-mobile.png> <./Graphics/capturas/cars-login-error-landscape.
png> <./Graphics/capturas/login-error-mobile.png>] (./Thesis.aux
LaTeX Info: Redefining \sptext on input line 13.
LaTeX Info: Redefining \. on input line 13.
LaTeX Info: Redefining \% on input line 13.

(./FrontMatter/Dedication.aux) (./FrontMatter/Thanks.aux)
(./FrontMatter/SupervisorOpinion.aux) (./FrontMatter/Abstract.aux)
(./FrontMatter/Contents.aux) (./MainMatter/Introduction.aux)
(./MainMatter/Background.aux) (./MainMatter/Proposal.aux)
(./MainMatter/Implementation.aux) (./MainMatter/Validation.aux)
(./BackMatter/Conclusions.aux) (./BackMatter/Recomendations.aux)
(./BackMatter/Bibliography.aux) (./BackMatter/Anexos.aux))
 ***********
LaTeX2e <2023-11-01> patch level 1
L3 programming layer <2024-02-20>
 ***********


LaTeX Warning: There were undefined references.

Package rerunfilecheck Info: File `Thesis.out' has not changed.
(rerunfilecheck)             Checksum: 40107CC1FD6EEFDB5838360D66FA91F7;11329.
Package logreq Info: Writing requests to 'Thesis.run.xml'.
\openout1 = `Thesis.run.xml'.

 ) 
Here is how much of TeX's memory you used:
 40443 strings out of 476014
 766258 string characters out of 5792005
 2171187 words of memory out of 5000000
 61511 multiletter control sequences out of 15000+600000
 652886 words of font info for 86 fonts, out of 8000000 for 9000
 40 hyphenation exceptions out of 8191
 125i,13n,121p,2205b,3213s stack positions out of 10000i,1000n,20000p,200000b,200000s
</usr/share/texmf-dist/fonts/type1/public/lm/lmbx12.pfb></usr/share/texmf-dis
t/fonts/type1/public/lm/lmbxi10.pfb></usr/share/texmf-dist/fonts/type1/public/l
m/lmcsc10.pfb></usr/share/texmf-dist/fonts/type1/public/lm/lmex10.pfb></usr/sha
re/texmf-dist/fonts/type1/public/lm/lmmi12.pfb></usr/share/texmf-dist/fonts/typ
e1/public/lm/lmmi9.pfb></usr/share/texmf-dist/fonts/type1/public/lm/lmr12.pfb><
/usr/share/texmf-dist/fonts/type1/public/lm/lmr17.pfb></usr/share/texmf-dist/fo
nts/type1/public/lm/lmr6.pfb></usr/share/texmf-dist/fonts/type1/public/lm/lmr7.
pfb></usr/share/texmf-dist/fonts/type1/public/lm/lmr9.pfb></usr/share/texmf-dis
t/fonts/type1/public/lm/lmri12.pfb></usr/share/texmf-dist/fonts/type1/public/lm
/lmro10.pfb></usr/share/texmf-dist/fonts/type1/public/lm/lmsy10.pfb></usr/share
/texmf-dist/fonts/type1/public/lm/lmsy7.pfb></usr/share/texmf-dist/fonts/type1/
public/lm/lmsy9.pfb></usr/share/texmf-dist/fonts/type1/public/lm/lmtk10.pfb></u
sr/share/texmf-dist/fonts/type1/public/lm/lmtt10.pfb></usr/share/texmf-dist/fon
ts/type1/public/lm/lmtt12.pfb></usr/share/texmf-dist/fonts/type1/public/amsfont
s/symbols/msbm10.pfb></usr/share/texmf-dist/fonts/type1/urw/ncntrsbk/uncb8a.pfb
>
Output written on Thesis.pdf (62 pages, 11833646 bytes).
PDF statistics:
 1408 PDF objects out of 1440 (max. 8388607)
 1184 compressed objects within 12 object streams
 336 named destinations out of 1000 (max. 500000)
 745 words of extra memory for PDF output out of 10000 (max. 10000000)

