\BOOKMARK [0][-]{chapter*.8}{\376\377\000I\000n\000t\000r\000o\000d\000u\000c\000c\000i\000\363\000n}{}% 1
\BOOKMARK [0][-]{chapter.1}{\376\377\000P\000r\000e\000l\000i\000m\000i\000n\000a\000r\000e\000s}{}% 2
\BOOKMARK [1][-]{section.1.1}{\376\377\000T\000i\000p\000o\000s\000\040\000d\000e\000\040\000c\000o\000n\000t\000r\000a\000s\000e\000\361\000a\000s\000\040\000g\000r\000\341\000f\000i\000c\000a\000s}{chapter.1}% 3
\BOOKMARK [2][-]{subsection.1.1.1}{\376\377\000C\000o\000n\000t\000r\000a\000s\000e\000\361\000a\000s\000\040\000b\000a\000s\000a\000d\000a\000s\000\040\000e\000n\000\040\000r\000e\000c\000o\000n\000o\000c\000i\000m\000i\000e\000n\000t\000o}{section.1.1}% 4
\BOOKMARK [2][-]{subsection.1.1.2}{\376\377\000C\000o\000n\000t\000r\000a\000s\000e\000\361\000a\000s\000\040\000b\000a\000s\000a\000d\000a\000s\000\040\000e\000n\000\040\000d\000i\000b\000u\000j\000o}{section.1.1}% 5
\BOOKMARK [2][-]{subsection.1.1.3}{\376\377\000C\000o\000n\000t\000r\000a\000s\000e\000\361\000a\000s\000\040\000b\000a\000s\000a\000d\000a\000s\000\040\000e\000n\000\040\000C\000l\000i\000c\000k\000s}{section.1.1}% 6
\BOOKMARK [2][-]{subsection.1.1.4}{\376\377\000E\000s\000q\000u\000e\000m\000a\000s\000\040\000H\000\355\000b\000r\000i\000d\000o\000s}{section.1.1}% 7
\BOOKMARK [1][-]{section.1.2}{\376\377\000P\000a\000s\000s\000p\000o\000i\000n\000t\000s}{chapter.1}% 8
\BOOKMARK [2][-]{subsection.1.2.1}{\376\377\000\277\000P\000o\000r\000\040\000q\000u\000\351\000\040\000u\000s\000a\000r\000\040\000P\000a\000s\000s\000p\000o\000i\000n\000t\000s\000?}{section.1.2}% 9
\BOOKMARK [2][-]{subsection.1.2.2}{\376\377\000R\000e\000g\000i\000\363\000n\000\040\000d\000e\000\040\000T\000o\000l\000e\000r\000a\000n\000c\000i\000a}{section.1.2}% 10
\BOOKMARK [3][-]{subsubsection.1.2.2.1}{\376\377\000P\000u\000n\000t\000o\000\040\000r\000-\000s\000e\000g\000u\000r\000o}{subsection.1.2.2}% 11
\BOOKMARK [2][-]{subsection.1.2.3}{\376\377\000P\000r\000o\000b\000l\000e\000m\000a\000\040\000d\000e\000l\000\040\000V\000\351\000r\000t\000i\000c\000e}{section.1.2}% 12
\BOOKMARK [2][-]{subsection.1.2.4}{\376\377\000P\000r\000o\000b\000l\000e\000m\000a\000\040\000d\000e\000l\000\040\000H\000a\000s\000h}{section.1.2}% 13
\BOOKMARK [2][-]{subsection.1.2.5}{\376\377\000M\000\351\000t\000o\000d\000o\000s\000\040\000d\000e\000\040\000D\000i\000s\000c\000r\000e\000t\000i\000z\000a\000c\000i\000\363\000n}{section.1.2}% 14
\BOOKMARK [3][-]{subsubsection.1.2.5.1}{\376\377\000D\000i\000s\000c\000r\000e\000t\000i\000z\000a\000c\000i\000\363\000n\000\040\000R\000o\000b\000u\000s\000t\000a}{subsection.1.2.5}% 15
\BOOKMARK [3][-]{subsubsection.1.2.5.2}{\376\377\000D\000i\000s\000c\000r\000e\000t\000i\000z\000a\000c\000i\000\363\000n\000\040\000C\000e\000n\000t\000r\000a\000d\000a}{subsection.1.2.5}% 16
\BOOKMARK [3][-]{subsubsection.1.2.5.3}{\376\377\000D\000i\000s\000c\000r\000e\000t\000i\000z\000a\000c\000i\000\363\000n\000\040\000\323\000p\000t\000i\000m\000a}{subsection.1.2.5}% 17
\BOOKMARK [3][-]{subsubsection.1.2.5.4}{\376\377\000D\000i\000s\000c\000r\000e\000t\000i\000z\000a\000c\000i\000\363\000n\000\040\000m\000e\000d\000i\000a\000n\000t\000e\000\040\000p\000o\000l\000\355\000g\000o\000n\000o\000s\000\040\000d\000e\000\040\000V\000o\000r\000o\000n\000o\000i}{subsection.1.2.5}% 18
\BOOKMARK [3][-]{subsubsection.1.2.5.5}{\376\377\000P\000r\000o\000b\000l\000e\000m\000a\000s\000\040\000d\000e\000\040\000l\000o\000s\000\040\000m\000\351\000t\000o\000d\000o\000s\000\040\000d\000e\000\040\000d\000i\000s\000c\000r\000e\000t\000i\000z\000a\000c\000i\000\363\000n}{subsection.1.2.5}% 19
\BOOKMARK [0][-]{chapter.2}{\376\377\000P\000r\000o\000p\000u\000e\000s\000t\000a\000\040\000d\000e\000\040\000u\000n\000a\000\040\000i\000m\000p\000l\000e\000m\000e\000n\000t\000a\000c\000i\000\363\000n\000\040\000d\000e\000l\000\040\000s\000i\000s\000t\000e\000m\000a\000\040\000P\000a\000s\000s\000p\000o\000i\000n\000t\000s}{}% 20
\BOOKMARK [1][-]{section.2.1}{\376\377\000R\000e\000g\000i\000\363\000n\000\040\000d\000e\000\040\000t\000o\000l\000e\000r\000a\000n\000c\000i\000a\000\040\000s\000e\000l\000e\000c\000c\000i\000o\000n\000a\000d\000a}{chapter.2}% 21
\BOOKMARK [1][-]{section.2.2}{\376\377\000M\000\351\000t\000o\000d\000o\000\040\000d\000e\000\040\000d\000i\000s\000c\000r\000e\000t\000i\000z\000a\000c\000i\000\363\000n\000\040\000s\000e\000l\000e\000c\000c\000i\000o\000n\000a\000d\000o}{chapter.2}% 22
\BOOKMARK [1][-]{section.2.3}{\376\377\000F\000u\000n\000c\000i\000o\000n\000a\000m\000i\000e\000n\000t\000o\000\040\000d\000e\000\040\000l\000a\000\040\000a\000p\000l\000i\000c\000a\000c\000i\000\363\000n}{chapter.2}% 23
\BOOKMARK [2][-]{subsection.2.3.1}{\376\377\000F\000l\000u\000j\000o\000\040\000e\000n\000\040\000l\000a\000\040\000A\000P\000I}{section.2.3}% 24
\BOOKMARK [2][-]{subsection.2.3.2}{\376\377\000A\000d\000a\000p\000t\000a\000c\000i\000\363\000n\000\040\000a\000\040\000d\000i\000s\000t\000i\000n\000t\000o\000s\000\040\000t\000a\000m\000a\000\361\000o\000s\000\040\000d\000e\000\040\000p\000a\000n\000t\000a\000l\000l\000a}{section.2.3}% 25
\BOOKMARK [1][-]{section.2.4}{\376\377\000V\000a\000l\000i\000d\000a\000c\000i\000\363\000n\000\040\000d\000e\000l\000\040\000s\000i\000s\000t\000e\000m\000a\000\040\000p\000r\000o\000p\000u\000e\000s\000t\000o}{chapter.2}% 26
\BOOKMARK [0][-]{chapter.3}{\376\377\000D\000e\000t\000a\000l\000l\000e\000s\000\040\000d\000e\000\040\000I\000m\000p\000l\000e\000m\000e\000n\000t\000a\000c\000i\000\363\000n}{}% 27
\BOOKMARK [1][-]{section.3.1}{\376\377\000C\000o\000n\000t\000e\000x\000t\000o\000\040\000T\000e\000c\000n\000o\000l\000\363\000g\000i\000c\000o}{chapter.3}% 28
\BOOKMARK [1][-]{section.3.2}{\376\377\000A\000r\000q\000u\000i\000t\000e\000c\000t\000u\000r\000a\000\040\000d\000e\000l\000\040\000S\000i\000s\000t\000e\000m\000a}{chapter.3}% 29
\BOOKMARK [2][-]{subsection.3.2.1}{\376\377\000P\000a\000t\000r\000o\000n\000e\000s\000\040\000y\000\040\000e\000s\000t\000i\000l\000o\000s\000\040\000a\000r\000q\000u\000i\000t\000e\000c\000t\000\363\000n\000i\000c\000o\000s\000\040\000i\000n\000v\000o\000l\000u\000c\000r\000a\000d\000o\000s}{section.3.2}% 30
\BOOKMARK [1][-]{section.3.3}{\376\377\000M\000\363\000d\000u\000l\000o\000s\000\040\000d\000e\000\040\000l\000a\000\040\000a\000p\000l\000i\000c\000a\000c\000i\000\363\000n}{chapter.3}% 31
\BOOKMARK [2][-]{subsection.3.3.1}{\376\377\000S\000e\000l\000e\000c\000c\000i\000\363\000n\000\040\000d\000e\000\040\000l\000a\000\040\000i\000m\000a\000g\000e\000n}{section.3.3}% 32
\BOOKMARK [2][-]{subsection.3.3.2}{\376\377\000C\000a\000p\000t\000u\000r\000a\000\040\000d\000e\000\040\000l\000o\000s\000\040\000p\000u\000n\000t\000o\000s}{section.3.3}% 33
\BOOKMARK [2][-]{subsection.3.3.3}{\376\377\000R\000e\000g\000i\000s\000t\000r\000o\000\040\000y\000\040\000a\000u\000t\000e\000n\000t\000i\000c\000a\000c\000i\000\363\000n}{section.3.3}% 34
\BOOKMARK [3][-]{subsubsection.3.3.3.1}{\376\377\000P\000r\000o\000c\000e\000s\000o\000\040\000d\000e\000\040\000R\000e\000g\000i\000s\000t\000r\000o}{subsection.3.3.3}% 35
\BOOKMARK [3][-]{subsubsection.3.3.3.2}{\376\377\000M\000e\000c\000a\000n\000i\000s\000m\000o\000\040\000d\000e\000\040\000r\000e\000g\000i\000s\000t\000r\000o\000\040\000y\000\040\000a\000u\000t\000e\000n\000t\000i\000c\000a\000c\000i\000\363\000n}{subsection.3.3.3}% 36
\BOOKMARK [3][-]{subsubsection.3.3.3.3}{\376\377\000N\000o\000t\000a\000\040\000d\000e\000\040\000S\000e\000g\000u\000r\000i\000d\000a\000d}{subsection.3.3.3}% 37
\BOOKMARK [2][-]{subsection.3.3.4}{\376\377\000F\000l\000u\000j\000o\000\040\000d\000e\000\040\000A\000u\000t\000e\000n\000t\000i\000c\000a\000c\000i\000\363\000n}{section.3.3}% 38
\BOOKMARK [3][-]{subsubsection.3.3.4.1}{\376\377\000M\000e\000c\000a\000n\000i\000s\000m\000o\000s\000\040\000d\000e\000\040\000S\000e\000g\000u\000r\000i\000d\000a\000d}{subsection.3.3.4}% 39
\BOOKMARK [3][-]{subsubsection.3.3.4.2}{\376\377\000G\000e\000s\000t\000i\000\363\000n\000\040\000d\000e\000\040\000S\000e\000s\000i\000o\000n\000e\000s}{subsection.3.3.4}% 40
\BOOKMARK [1][-]{section.3.4}{\376\377\000V\000a\000l\000i\000d\000a\000c\000i\000\363\000n\000\040\000d\000e\000l\000\040\000s\000i\000s\000t\000e\000m\000a\000\040\000p\000r\000o\000p\000u\000e\000s\000t\000o}{chapter.3}% 41
\BOOKMARK [2][-]{subsection.3.4.1}{\376\377\000A\000n\000\341\000l\000i\000s\000i\000s\000\040\000d\000e\000l\000\040\000E\000s\000p\000a\000c\000i\000o\000\040\000d\000e\000\040\000C\000o\000n\000t\000r\000a\000s\000e\000\361\000a\000s\000\040\000c\000o\000n\000\040\000D\000i\000s\000c\000r\000e\000t\000i\000z\000a\000c\000i\000\363\000n\000\040\000\323\000p\000t\000i\000m\000a}{section.3.4}% 42
\BOOKMARK [2][-]{subsection.3.4.2}{\376\377\000A\000t\000a\000q\000u\000e\000s\000\040\000a\000\040\000P\000a\000s\000s\000p\000o\000i\000n\000t\000s}{section.3.4}% 43
\BOOKMARK [3][-]{subsubsection.3.4.2.1}{\376\377\000O\000b\000t\000e\000n\000c\000i\000\363\000n\000\040\000d\000e\000\040\000p\000u\000n\000t\000o\000s\000\040\000p\000a\000r\000a\000\040\000d\000i\000c\000c\000i\000o\000n\000a\000r\000i\000o\000\040\000d\000e\000\040\000a\000t\000a\000q\000u\000e\000\040\000b\000a\000s\000a\000d\000o\000\040\000e\000n\000\040\000d\000e\000t\000e\000c\000c\000i\000\363\000n\000\040\000d\000e\000\040\000b\000o\000r\000d\000e\000s}{subsection.3.4.2}% 44
\BOOKMARK [3][-]{subsubsection.3.4.2.2}{\376\377\000O\000b\000t\000e\000n\000c\000i\000\363\000n\000\040\000d\000e\000\040\000p\000u\000n\000t\000o\000s\000\040\000p\000a\000r\000a\000\040\000d\000i\000c\000c\000i\000o\000n\000a\000r\000i\000o\000\040\000d\000e\000\040\000a\000t\000a\000q\000u\000e\000\040\000b\000a\000s\000a\000d\000o\000\040\000e\000n\000\040\000s\000e\000g\000m\000e\000n\000t\000a\000c\000i\000\363\000n}{subsection.3.4.2}% 45
\BOOKMARK [3][-]{subsubsection.3.4.2.3}{\376\377\000O\000b\000t\000e\000n\000c\000i\000\363\000n\000\040\000d\000e\000\040\000p\000u\000n\000t\000o\000s\000\040\000p\000a\000r\000a\000\040\000d\000i\000c\000c\000i\000o\000n\000a\000r\000i\000o\000\040\000d\000e\000\040\000a\000t\000a\000q\000u\000e\000\040\000b\000a\000s\000a\000d\000o\000\040\000e\000n\000\040\000m\000a\000p\000a\000s\000\040\000d\000e\000\040\000a\000t\000e\000n\000c\000i\000\363\000n\000\040\000v\000i\000s\000u\000a\000l}{subsection.3.4.2}% 46
\BOOKMARK [2][-]{subsection.3.4.3}{\376\377\000C\000l\000u\000s\000t\000e\000r\000i\000z\000a\000c\000i\000\363\000n\000\040\000d\000e\000\040\000l\000o\000s\000\040\000p\000u\000n\000t\000o\000s\000\040}{section.3.4}% 47
\BOOKMARK [1][-]{section.3.5}{\376\377\000O\000b\000t\000e\000n\000c\000i\000\363\000n\000\040\000d\000e\000\040\000l\000o\000s\000\040\000d\000i\000c\000c\000i\000o\000n\000a\000r\000i\000o\000s\000\040\000d\000e\000\040\000a\000t\000a\000q\000u\000e}{chapter.3}% 48
\BOOKMARK [1][-]{section.3.6}{\376\377\000E\000j\000e\000c\000u\000c\000i\000\363\000n\000\040\000d\000e\000l\000\040\000a\000t\000a\000q\000u\000e}{chapter.3}% 49
\BOOKMARK [0][-]{chapter.4}{\376\377\000V\000a\000l\000i\000d\000a\000c\000i\000\363\000n\000\040\000d\000e\000l\000\040\000s\000i\000s\000t\000e\000m\000a\000\040\000p\000r\000o\000p\000u\000e\000s\000t\000o}{}% 50
\BOOKMARK [1][-]{section.4.1}{\376\377\000A\000n\000\341\000l\000i\000s\000i\000s\000\040\000d\000e\000l\000\040\000E\000s\000p\000a\000c\000i\000o\000\040\000d\000e\000\040\000C\000o\000n\000t\000r\000a\000s\000e\000\361\000a\000s\000\040\000c\000o\000n\000\040\000D\000i\000s\000c\000r\000e\000t\000i\000z\000a\000c\000i\000\363\000n\000\040\000\323\000p\000t\000i\000m\000a}{chapter.4}% 51
\BOOKMARK [1][-]{section.4.2}{\376\377\000A\000t\000a\000q\000u\000e\000\040\000a\000\040\000P\000a\000s\000s\000p\000o\000i\000n\000t\000s}{chapter.4}% 52
\BOOKMARK [2][-]{subsubsection.4.2.0.1}{\376\377\000D\000i\000c\000c\000i\000o\000n\000a\000r\000i\000o\000\040\000d\000e\000\040\000a\000t\000a\000q\000u\000e\000\040\000b\000a\000s\000a\000d\000o\000\040\000e\000n\000\040\000d\000e\000t\000e\000c\000c\000i\000\363\000n\000\040\000d\000e\000\040\000b\000o\000r\000d\000e\000s}{section.4.2}% 53
\BOOKMARK [3][-]{subsubsection.4.2.0.2}{\376\377\000D\000i\000c\000c\000i\000o\000n\000a\000r\000i\000o\000\040\000d\000e\000\040\000a\000t\000a\000q\000u\000e\000\040\000b\000a\000s\000a\000d\000o\000\040\000e\000n\000\040\000s\000e\000g\000m\000e\000n\000t\000a\000c\000i\000\363\000n}{subsubsection.4.2.0.1}% 54
\BOOKMARK [3][-]{subsubsection.4.2.0.3}{\376\377\000D\000i\000c\000c\000i\000o\000n\000a\000r\000i\000o\000\040\000d\000e\000\040\000a\000t\000a\000q\000u\000e\000\040\000b\000a\000s\000a\000d\000o\000\040\000e\000n\000\040\000m\000a\000p\000a\000s\000\040\000d\000e\000\040\000a\000t\000e\000n\000c\000i\000\363\000n\000\040\000v\000i\000s\000u\000a\000l}{subsubsection.4.2.0.1}% 55
\BOOKMARK [2][-]{subsection.4.2.1}{\376\377\000C\000l\000u\000s\000t\000e\000r\000i\000z\000a\000c\000i\000\363\000n\000\040\000d\000e\000\040\000l\000o\000s\000\040\000p\000u\000n\000t\000o\000s\000\040}{section.4.2}% 56
\BOOKMARK [1][-]{section.4.3}{\376\377\000D\000i\000c\000c\000i\000o\000n\000a\000r\000i\000o\000\040\000d\000e\000\040\000a\000t\000a\000q\000u\000e\000\040\000b\000a\000s\000a\000d\000o\000\040\000e\000n\000\040\000l\000o\000s\000\040\000p\000a\000t\000r\000o\000n\000e\000s\000\040\000D\000I\000A\000G\000\040\000y\000\040\000L\000I\000N\000E}{chapter.4}% 57
\BOOKMARK [1][-]{section.4.4}{\376\377\000E\000j\000e\000c\000u\000c\000i\000\363\000n\000\040\000d\000e\000l\000\040\000a\000t\000a\000q\000u\000e}{chapter.4}% 58
\BOOKMARK [0][-]{section*.31}{\376\377\000C\000o\000n\000c\000l\000u\000s\000i\000o\000n\000e\000s}{}% 59
\BOOKMARK [0][-]{section*.33}{\376\377\000R\000e\000c\000o\000m\000e\000n\000d\000a\000c\000i\000o\000n\000e\000s}{}% 60
\BOOKMARK [0][-]{chapter*.35}{\376\377\000B\000i\000b\000l\000i\000o\000g\000r\000a\000f\000\355\000a}{}% 61
\BOOKMARK [0][-]{section*.36}{\376\377\000A\000n\000e\000x\000o\000s}{}% 62
