This is pdfTeX, Version 3.141592653-2.6-1.40.26 (TeX Live 2024/Arch Linux) (preloaded format=pdflatex 2025.1.11)  18 JAN 2025 07:51
entering extended mode
 restricted \write18 enabled.
 %&-line parsing enabled.
**Anexos2.tex
(./Anexos2.tex
LaTeX2e <2023-11-01> patch level 1
L3 programming layer <2024-02-20>
)
! Emergency stop.
<*> Anexos2.tex
               
*** (job aborted, no legal \end found)

 
Here is how much of TeX's memory you used:
 16 strings out of 476014
 394 string characters out of 5792005
 1925187 words of memory out of 5000000
 22231 multiletter control sequences out of 15000+600000
 558069 words of font info for 36 fonts, out of 8000000 for 9000
 40 hyphenation exceptions out of 8191
 12i,0n,13p,43b,8s stack positions out of 10000i,1000n,20000p,200000b,200000s
!  ==> Fatal error occurred, no output PDF file produced!
